#
# A fatal error has been detected by the Java Runtime Environment:
#
#  EXCEPTION_ACCESS_VIOLATION (0xc0000005) at pc=0x00007ffeaa0c70df, pid=7032, tid=5864
#
# JRE version: OpenJDK Runtime Environment Temurin-17.0.3+7 (17.0.3+7) (build 17.0.3+7)
# Java VM: OpenJDK 64-Bit Server VM Temurin-17.0.3+7 (17.0.3+7, mixed mode, tiered, compressed oops, compressed class ptrs, g1 gc, windows-amd64)
# Problematic frame:
# C  [igxelpicd64.dll+0x2870df]
#
# No core dump will be written. Minidumps are not enabled by default on client versions of Windows
#
# If you would like to submit a bug report, please visit:
#   https://github.com/adoptium/adoptium-support/issues
# The crash happened outside the Java Virtual Machine in native code.
# See problematic frame for where to report the bug.
#

---------------  S U M M A R Y ------------

Command Line: -XX:+IgnoreUnrecognizedVMOptions --add-modules=ALL-SYSTEM --add-exports=java.base/jdk.internal.ref=ALL-UNNAMED --add-exports=java.base/java.lang=ALL-UNNAMED --add-exports=java.desktop/sun.awt=ALL-UNNAMED --add-exports=java.desktop/sun.java2d=ALL-UNNAMED --add-opens=java.base/java.lang=ALL-UNNAMED --add-opens=java.base/java.util=ALL-UNNAMED -Dfile.encoding=UTF-8 -Dstdout.encoding=UTF-8 -Dstderr.encoding=UTF-8 -XX:+ShowCodeDetailsInExceptionMessages repast.simphony.runtime.RepastMain C:\Users\Mariangela\tesiWorkspace\tris/tris.rs

Host: 11th Gen Intel(R) Core(TM) i5-1135G7 @ 2.40GHz, 8 cores, 15G,  Windows 11 , 64 bit Build 22621 (10.0.22621.4391)
Time: Sun Feb  9 15:17:27 2025 ora solare Europa occidentale elapsed time: 11742.226210 seconds (0d 3h 15m 42s)

---------------  T H R E A D  ---------------

Current thread (0x000001be242f31a0):  JavaThread "AWT-EventQueue-0" [_thread_in_native, id=5864, stack(0x000000acc8500000,0x000000acc8600000)]

Stack: [0x000000acc8500000,0x000000acc8600000],  sp=0x000000acc85f9390,  free space=996k
Native frames: (J=compiled Java code, j=interpreted, Vv=VM code, C=native code)
C  [igxelpicd64.dll+0x2870df]

Java frames: (J=compiled Java code, j=interpreted, Vv=VM code)
j  jogamp.opengl.windows.wgl.WGL.dispatch_wglMakeCurrent0(JJJ)Z+0
j  jogamp.opengl.windows.wgl.WGL.wglMakeCurrent(JJ)Z+41
j  jogamp.opengl.windows.wgl.WindowsWGLContext.wglMakeContextCurrent(JJJ)Z+37
j  jogamp.opengl.windows.wgl.WindowsWGLContext.makeCurrentImpl()V+19
j  jogamp.opengl.GLContextImpl.makeCurrentWithinLock(I)I+723
j  jogamp.opengl.GLContextImpl.makeCurrent(Z)I+488
j  jogamp.opengl.GLContextImpl.makeCurrent()I+2
j  jogamp.opengl.GLFBODrawableImpl.reset(Lcom/jogamp/opengl/GL;I)V+102
j  jogamp.opengl.GLFBODrawableImpl.resetSize(Lcom/jogamp/opengl/GL;)V+6
j  jogamp.opengl.GLDrawableHelper.resizeOffscreenDrawable(Ljogamp/opengl/GLDrawableImpl;Lcom/jogamp/opengl/GLContext;II)Ljogamp/opengl/GLDrawableImpl;+368
j  com.jogamp.opengl.awt.GLJPanel$OffscreenBackend.handleReshape()Z+27
j  com.jogamp.opengl.awt.GLJPanel.handleReshape()Z+123
j  com.jogamp.opengl.awt.GLJPanel.paintComponent(Ljava/awt/Graphics;)V+198
J 4856 c1 javax.swing.JComponent.paint(Ljava/awt/Graphics;)V java.desktop@17.0.3 (409 bytes) @ 0x000001be060ce444 [0x000001be060cccc0+0x0000000000001784]
J 4857 c1 javax.swing.JComponent.paintChildren(Ljava/awt/Graphics;)V java.desktop@17.0.3 (691 bytes) @ 0x000001be0612c63c [0x000001be061293c0+0x000000000000327c]
J 4856 c1 javax.swing.JComponent.paint(Ljava/awt/Graphics;)V java.desktop@17.0.3 (409 bytes) @ 0x000001be060ce834 [0x000001be060cccc0+0x0000000000001b74]
J 4857 c1 javax.swing.JComponent.paintChildren(Ljava/awt/Graphics;)V java.desktop@17.0.3 (691 bytes) @ 0x000001be0612c63c [0x000001be061293c0+0x000000000000327c]
J 4856 c1 javax.swing.JComponent.paint(Ljava/awt/Graphics;)V java.desktop@17.0.3 (409 bytes) @ 0x000001be060ce834 [0x000001be060cccc0+0x0000000000001b74]
J 4857 c1 javax.swing.JComponent.paintChildren(Ljava/awt/Graphics;)V java.desktop@17.0.3 (691 bytes) @ 0x000001be0612c63c [0x000001be061293c0+0x000000000000327c]
J 4856 c1 javax.swing.JComponent.paint(Ljava/awt/Graphics;)V java.desktop@17.0.3 (409 bytes) @ 0x000001be060ce834 [0x000001be060cccc0+0x0000000000001b74]
J 4857 c1 javax.swing.JComponent.paintChildren(Ljava/awt/Graphics;)V java.desktop@17.0.3 (691 bytes) @ 0x000001be0612c63c [0x000001be061293c0+0x000000000000327c]
J 4856 c1 javax.swing.JComponent.paint(Ljava/awt/Graphics;)V java.desktop@17.0.3 (409 bytes) @ 0x000001be060ce834 [0x000001be060cccc0+0x0000000000001b74]
J 4857 c1 javax.swing.JComponent.paintChildren(Ljava/awt/Graphics;)V java.desktop@17.0.3 (691 bytes) @ 0x000001be0612c63c [0x000001be061293c0+0x000000000000327c]
J 4856 c1 javax.swing.JComponent.paint(Ljava/awt/Graphics;)V java.desktop@17.0.3 (409 bytes) @ 0x000001be060ce834 [0x000001be060cccc0+0x0000000000001b74]
J 4857 c1 javax.swing.JComponent.paintChildren(Ljava/awt/Graphics;)V java.desktop@17.0.3 (691 bytes) @ 0x000001be0612c63c [0x000001be061293c0+0x000000000000327c]
J 4856 c1 javax.swing.JComponent.paint(Ljava/awt/Graphics;)V java.desktop@17.0.3 (409 bytes) @ 0x000001be060ce834 [0x000001be060cccc0+0x0000000000001b74]
J 4857 c1 javax.swing.JComponent.paintChildren(Ljava/awt/Graphics;)V java.desktop@17.0.3 (691 bytes) @ 0x000001be0612c63c [0x000001be061293c0+0x000000000000327c]
J 4856 c1 javax.swing.JComponent.paint(Ljava/awt/Graphics;)V java.desktop@17.0.3 (409 bytes) @ 0x000001be060ce834 [0x000001be060cccc0+0x0000000000001b74]
J 4857 c1 javax.swing.JComponent.paintChildren(Ljava/awt/Graphics;)V java.desktop@17.0.3 (691 bytes) @ 0x000001be0612c63c [0x000001be061293c0+0x000000000000327c]
J 4856 c1 javax.swing.JComponent.paint(Ljava/awt/Graphics;)V java.desktop@17.0.3 (409 bytes) @ 0x000001be060ce834 [0x000001be060cccc0+0x0000000000001b74]
J 4857 c1 javax.swing.JComponent.paintChildren(Ljava/awt/Graphics;)V java.desktop@17.0.3 (691 bytes) @ 0x000001be0612c63c [0x000001be061293c0+0x000000000000327c]
J 4856 c1 javax.swing.JComponent.paint(Ljava/awt/Graphics;)V java.desktop@17.0.3 (409 bytes) @ 0x000001be060ce834 [0x000001be060cccc0+0x0000000000001b74]
J 4857 c1 javax.swing.JComponent.paintChildren(Ljava/awt/Graphics;)V java.desktop@17.0.3 (691 bytes) @ 0x000001be0612c63c [0x000001be061293c0+0x000000000000327c]
J 4856 c1 javax.swing.JComponent.paint(Ljava/awt/Graphics;)V java.desktop@17.0.3 (409 bytes) @ 0x000001be060ce834 [0x000001be060cccc0+0x0000000000001b74]
J 4857 c1 javax.swing.JComponent.paintChildren(Ljava/awt/Graphics;)V java.desktop@17.0.3 (691 bytes) @ 0x000001be0612c63c [0x000001be061293c0+0x000000000000327c]
J 4856 c1 javax.swing.JComponent.paint(Ljava/awt/Graphics;)V java.desktop@17.0.3 (409 bytes) @ 0x000001be060ce834 [0x000001be060cccc0+0x0000000000001b74]
J 4857 c1 javax.swing.JComponent.paintChildren(Ljava/awt/Graphics;)V java.desktop@17.0.3 (691 bytes) @ 0x000001be0612c63c [0x000001be061293c0+0x000000000000327c]
J 4856 c1 javax.swing.JComponent.paint(Ljava/awt/Graphics;)V java.desktop@17.0.3 (409 bytes) @ 0x000001be060ce834 [0x000001be060cccc0+0x0000000000001b74]
J 5540 c1 javax.swing.JLayeredPane.paint(Ljava/awt/Graphics;)V java.desktop@17.0.3 (77 bytes) @ 0x000001be06632d5c [0x000001be066323c0+0x000000000000099c]
J 4857 c1 javax.swing.JComponent.paintChildren(Ljava/awt/Graphics;)V java.desktop@17.0.3 (691 bytes) @ 0x000001be0612c63c [0x000001be061293c0+0x000000000000327c]
J 4856 c1 javax.swing.JComponent.paint(Ljava/awt/Graphics;)V java.desktop@17.0.3 (409 bytes) @ 0x000001be060ce834 [0x000001be060cccc0+0x0000000000001b74]
J 4857 c1 javax.swing.JComponent.paintChildren(Ljava/awt/Graphics;)V java.desktop@17.0.3 (691 bytes) @ 0x000001be0612c63c [0x000001be061293c0+0x000000000000327c]
J 4856 c1 javax.swing.JComponent.paint(Ljava/awt/Graphics;)V java.desktop@17.0.3 (409 bytes) @ 0x000001be060ce834 [0x000001be060cccc0+0x0000000000001b74]
J 4857 c1 javax.swing.JComponent.paintChildren(Ljava/awt/Graphics;)V java.desktop@17.0.3 (691 bytes) @ 0x000001be0612c63c [0x000001be061293c0+0x000000000000327c]
J 4856 c1 javax.swing.JComponent.paint(Ljava/awt/Graphics;)V java.desktop@17.0.3 (409 bytes) @ 0x000001be060ce834 [0x000001be060cccc0+0x0000000000001b74]
J 4857 c1 javax.swing.JComponent.paintChildren(Ljava/awt/Graphics;)V java.desktop@17.0.3 (691 bytes) @ 0x000001be0612c63c [0x000001be061293c0+0x000000000000327c]
J 4856 c1 javax.swing.JComponent.paint(Ljava/awt/Graphics;)V java.desktop@17.0.3 (409 bytes) @ 0x000001be060ce834 [0x000001be060cccc0+0x0000000000001b74]
J 5540 c1 javax.swing.JLayeredPane.paint(Ljava/awt/Graphics;)V java.desktop@17.0.3 (77 bytes) @ 0x000001be06632d5c [0x000001be066323c0+0x000000000000099c]
J 4857 c1 javax.swing.JComponent.paintChildren(Ljava/awt/Graphics;)V java.desktop@17.0.3 (691 bytes) @ 0x000001be0612c63c [0x000001be061293c0+0x000000000000327c]
J 4856 c1 javax.swing.JComponent.paint(Ljava/awt/Graphics;)V java.desktop@17.0.3 (409 bytes) @ 0x000001be060ce834 [0x000001be060cccc0+0x0000000000001b74]
J 4857 c1 javax.swing.JComponent.paintChildren(Ljava/awt/Graphics;)V java.desktop@17.0.3 (691 bytes) @ 0x000001be0612c63c [0x000001be061293c0+0x000000000000327c]
J 4856 c1 javax.swing.JComponent.paint(Ljava/awt/Graphics;)V java.desktop@17.0.3 (409 bytes) @ 0x000001be060ce834 [0x000001be060cccc0+0x0000000000001b74]
J 4857 c1 javax.swing.JComponent.paintChildren(Ljava/awt/Graphics;)V java.desktop@17.0.3 (691 bytes) @ 0x000001be0612c63c [0x000001be061293c0+0x000000000000327c]
J 4856 c1 javax.swing.JComponent.paint(Ljava/awt/Graphics;)V java.desktop@17.0.3 (409 bytes) @ 0x000001be060ce834 [0x000001be060cccc0+0x0000000000001b74]
J 4857 c1 javax.swing.JComponent.paintChildren(Ljava/awt/Graphics;)V java.desktop@17.0.3 (691 bytes) @ 0x000001be0612c63c [0x000001be061293c0+0x000000000000327c]
J 4856 c1 javax.swing.JComponent.paint(Ljava/awt/Graphics;)V java.desktop@17.0.3 (409 bytes) @ 0x000001be060ce834 [0x000001be060cccc0+0x0000000000001b74]
J 5540 c1 javax.swing.JLayeredPane.paint(Ljava/awt/Graphics;)V java.desktop@17.0.3 (77 bytes) @ 0x000001be06632d5c [0x000001be066323c0+0x000000000000099c]
J 4857 c1 javax.swing.JComponent.paintChildren(Ljava/awt/Graphics;)V java.desktop@17.0.3 (691 bytes) @ 0x000001be0612c63c [0x000001be061293c0+0x000000000000327c]
J 4856 c1 javax.swing.JComponent.paint(Ljava/awt/Graphics;)V java.desktop@17.0.3 (409 bytes) @ 0x000001be060ce834 [0x000001be060cccc0+0x0000000000001b74]
J 4857 c1 javax.swing.JComponent.paintChildren(Ljava/awt/Graphics;)V java.desktop@17.0.3 (691 bytes) @ 0x000001be0612c63c [0x000001be061293c0+0x000000000000327c]
J 4856 c1 javax.swing.JComponent.paint(Ljava/awt/Graphics;)V java.desktop@17.0.3 (409 bytes) @ 0x000001be060ce834 [0x000001be060cccc0+0x0000000000001b74]
J 4857 c1 javax.swing.JComponent.paintChildren(Ljava/awt/Graphics;)V java.desktop@17.0.3 (691 bytes) @ 0x000001be0612c63c [0x000001be061293c0+0x000000000000327c]
J 4856 c1 javax.swing.JComponent.paint(Ljava/awt/Graphics;)V java.desktop@17.0.3 (409 bytes) @ 0x000001be060ce834 [0x000001be060cccc0+0x0000000000001b74]
J 5540 c1 javax.swing.JLayeredPane.paint(Ljava/awt/Graphics;)V java.desktop@17.0.3 (77 bytes) @ 0x000001be06632d5c [0x000001be066323c0+0x000000000000099c]
J 4857 c1 javax.swing.JComponent.paintChildren(Ljava/awt/Graphics;)V java.desktop@17.0.3 (691 bytes) @ 0x000001be0612c63c [0x000001be061293c0+0x000000000000327c]
j  javax.swing.JComponent.paintToOffscreen(Ljava/awt/Graphics;IIIIII)V+72 java.desktop@17.0.3
j  javax.swing.RepaintManager$PaintManager.paintDoubleBufferedFPScales(Ljavax/swing/JComponent;Ljava/awt/Image;Ljava/awt/Graphics;IIII)V+320 java.desktop@17.0.3
j  javax.swing.RepaintManager$PaintManager.paintDoubleBuffered(Ljavax/swing/JComponent;Ljava/awt/Image;Ljava/awt/Graphics;IIII)V+28 java.desktop@17.0.3
j  javax.swing.RepaintManager$PaintManager.paint(Ljavax/swing/JComponent;Ljavax/swing/JComponent;Ljava/awt/Graphics;IIII)Z+128 java.desktop@17.0.3
j  javax.swing.RepaintManager.paint(Ljavax/swing/JComponent;Ljavax/swing/JComponent;Ljava/awt/Graphics;IIII)V+52 java.desktop@17.0.3
J 4856 c1 javax.swing.JComponent.paint(Ljava/awt/Graphics;)V java.desktop@17.0.3 (409 bytes) @ 0x000001be060cea74 [0x000001be060cccc0+0x0000000000001db4]
j  java.awt.GraphicsCallback$PaintCallback.run(Ljava/awt/Component;Ljava/awt/Graphics;)V+2 java.desktop@17.0.3
j  sun.awt.SunGraphicsCallback.runOneComponent(Ljava/awt/Component;Ljava/awt/Rectangle;Ljava/awt/Graphics;Ljava/awt/Shape;I)V+130 java.desktop@17.0.3
j  sun.awt.SunGraphicsCallback.runComponents([Ljava/awt/Component;Ljava/awt/Graphics;I)V+157 java.desktop@17.0.3
j  java.awt.Container.paint(Ljava/awt/Graphics;)V+58 java.desktop@17.0.3
j  java.awt.Window.paint(Ljava/awt/Graphics;)V+68 java.desktop@17.0.3
j  javax.swing.RepaintManager$4.run()Ljava/lang/Void;+142 java.desktop@17.0.3
j  javax.swing.RepaintManager$4.run()Ljava/lang/Object;+1 java.desktop@17.0.3
J 4330 c1 java.security.ProtectionDomain$JavaSecurityAccessImpl.doIntersectionPrivilege(Ljava/security/PrivilegedAction;Ljava/security/AccessControlContext;Ljava/security/AccessControlContext;)Ljava/lang/Object; java.base@17.0.3 (22 bytes) @ 0x000001be06267cb4 [0x000001be06267a20+0x0000000000000294]
j  javax.swing.RepaintManager.paintDirtyRegions(Ljava/util/Map;)V+154 java.desktop@17.0.3
j  javax.swing.RepaintManager.paintDirtyRegions()V+46 java.desktop@17.0.3
j  javax.swing.RepaintManager.prePaintDirtyRegions()V+73 java.desktop@17.0.3
j  javax.swing.RepaintManager$ProcessingRunnable.run()V+37 java.desktop@17.0.3
J 4413 c1 java.awt.event.InvocationEvent.dispatch()V java.desktop@17.0.3 (69 bytes) @ 0x000001be0606791c [0x000001be06067700+0x000000000000021c]
J 4393 c1 java.awt.EventQueue.dispatchEventImpl(Ljava/awt/AWTEvent;Ljava/lang/Object;)V java.desktop@17.0.3 (136 bytes) @ 0x000001be05d66164 [0x000001be05d64660+0x0000000000001b04]
J 4398 c1 java.awt.EventQueue$4.run()Ljava/lang/Void; java.desktop@17.0.3 (60 bytes) @ 0x000001be05f355a4 [0x000001be05f35460+0x0000000000000144]
J 4359 c1 java.awt.EventQueue.dispatchEvent(Ljava/awt/AWTEvent;)V java.desktop@17.0.3 (80 bytes) @ 0x000001be0613cea4 [0x000001be0613c8e0+0x00000000000005c4]
J 4360 c1 java.awt.EventDispatchThread.pumpOneEventForFilters(I)V java.desktop@17.0.3 (113 bytes) @ 0x000001be060607b4 [0x000001be06060120+0x0000000000000694]
j  java.awt.EventDispatchThread.pumpEventsForFilter(ILjava/awt/Conditional;Ljava/awt/EventFilter;)V+35 java.desktop@17.0.3
j  java.awt.EventDispatchThread.pumpEventsForHierarchy(ILjava/awt/Conditional;Ljava/awt/Component;)V+11 java.desktop@17.0.3
j  java.awt.EventDispatchThread.pumpEvents(ILjava/awt/Conditional;)V+4 java.desktop@17.0.3
j  java.awt.EventDispatchThread.pumpEvents(Ljava/awt/Conditional;)V+3 java.desktop@17.0.3
j  java.awt.EventDispatchThread.run()V+9 java.desktop@17.0.3
v  ~StubRoutines::call_stub

siginfo: EXCEPTION_ACCESS_VIOLATION (0xc0000005), writing address 0x000001be30760000


Register to memory mapping:

RIP=0x00007ffeaa0c70df igxelpicd64.dll
RAX=0x000001be30760000 is an unknown value
RBX=0x0 is NULL
RCX=0x0 is NULL
RDX=0x000001be2ad89e00 points into unknown readable memory: 0x000000000000003a | 3a 00 00 00 00 00 00 00
RSP=0x000000acc85f9390 is pointing into the stack for thread: 0x000001be242f31a0
RBP=0x000000acc85f94f0 is pointing into the stack for thread: 0x000001be242f31a0
RSI=0x0000000000000001 is an unknown value
RDI=0x000001be2ad89e00 points into unknown readable memory: 0x000000000000003a | 3a 00 00 00 00 00 00 00
R8 =0x0000000000000002 is an unknown value
R9 =0x000001be23010bc0 points into unknown readable memory: 0x00007ffeaa8e9c40 | 40 9c 8e aa fe 7f 00 00
R10=0x000001be240d1f90 points into unknown readable memory: 0x000001be240d1f90 | 90 1f 0d 24 be 01 00 00
R11=0x000000acc85f9b70 is pointing into the stack for thread: 0x000001be242f31a0
R12=0x000001be283e7540 points into unknown readable memory: 0x0000b13411000001 | 01 00 00 11 34 b1 00 00
R13=0x000001be2ad7eee0 points into unknown readable memory: 0x0000000700000000 | 00 00 00 00 07 00 00 00
R14=0x000001be2ad89e00 points into unknown readable memory: 0x000000000000003a | 3a 00 00 00 00 00 00 00
R15=0x0 is NULL


Registers:
RAX=0x000001be30760000, RBX=0x0000000000000000, RCX=0x0000000000000000, RDX=0x000001be2ad89e00
RSP=0x000000acc85f9390, RBP=0x000000acc85f94f0, RSI=0x0000000000000001, RDI=0x000001be2ad89e00
R8 =0x0000000000000002, R9 =0x000001be23010bc0, R10=0x000001be240d1f90, R11=0x000000acc85f9b70
R12=0x000001be283e7540, R13=0x000001be2ad7eee0, R14=0x000001be2ad89e00, R15=0x0000000000000000
RIP=0x00007ffeaa0c70df, EFLAGS=0x0000000000010246

Top of Stack: (sp=0x000000acc85f9390)
0x000000acc85f9390:   00000000000004b4 0000000000000000
0x000000acc85f93a0:   000000acc85f94f0 0000000000000001
0x000000acc85f93b0:   0000000000000000 000001be2ad89e00
0x000000acc85f93c0:   000001be2ad7eee0 000001be283e7540
0x000000acc85f93d0:   00002417f95c8460 0000000000000001
0x000000acc85f93e0:   000001be2ad49b00 00007ffea9faa431
0x000000acc85f93f0:   000001be2ad8a4f0 000001be2ad49b00
0x000000acc85f9400:   0000075d000001e6 000001be2ad49b00
0x000000acc85f9410:   000004b42bfd6f30 0000000135277c24
0x000000acc85f9420:   000000acc5e3c000 000001be7fb2177c
0x000000acc85f9430:   0000000300000020 0000000000000000
0x000000acc85f9440:   0000000300000002 0000075d00000002
0x000000acc85f9450:   000001be2ad49b00 0000000000000000
0x000000acc85f9460:   0000000000000000 000000acc85f96e0
0x000000acc85f9470:   000001be2ad7eee0 000001be283e7540
0x000000acc85f9480:   000000acc85f9630 0000000000000000 

Instructions: (pc=0x00007ffeaa0c70df)
0x00007ffeaa0c6fdf:   cc 48 89 5c 24 10 57 48 83 ec 50 48 8b 05 2f 37
0x00007ffeaa0c6fef:   b5 00 48 33 c4 48 89 44 24 40 33 db 48 8b f9 38
0x00007ffeaa0c6fff:   99 6c 01 00 00 0f 84 ac 00 00 00 48 81 c1 a8 06
0x00007ffeaa0c700f:   00 00 e8 2a be ff ff 48 8b 87 48 01 00 00 48 39
0x00007ffeaa0c701f:   9f 80 01 00 00 0f 8e a4 00 00 00 0f ba a8 d0 02
0x00007ffeaa0c702f:   00 00 09 48 8d 54 24 20 0f 28 0d 12 30 b7 00 41
0x00007ffeaa0c703f:   b8 18 00 00 00 48 8b 9f 48 01 00 00 66 48 0f 7e
0x00007ffeaa0c704f:   c8 f2 0f 10 05 08 30 b7 00 0f 29 4c 24 20 f2 0f
0x00007ffeaa0c705f:   11 44 24 30 48 c1 e8 20 0d 00 02 10 00 89 44 24
0x00007ffeaa0c706f:   24 8b 8b 38 07 00 00 48 03 8b 28 07 00 00 e8 ce
0x00007ffeaa0c707f:   c6 db ff 83 83 38 07 00 00 18 48 8d 97 90 03 00
0x00007ffeaa0c708f:   00 48 8b 9f 48 01 00 00 41 b8 04 00 00 00 8b 8b
0x00007ffeaa0c709f:   38 07 00 00 48 03 8b 28 07 00 00 e8 a1 c6 db ff
0x00007ffeaa0c70af:   83 83 38 07 00 00 04 48 8b 4c 24 40 48 33 cc e8
0x00007ffeaa0c70bf:   8d fd 4b 00 48 8b 5c 24 68 48 83 c4 50 5f c3 0f
0x00007ffeaa0c70cf:   ba b0 d0 02 00 00 09 48 8b 87 88 01 00 00 33 c9
0x00007ffeaa0c70df:   48 89 08 89 48 08 48 8b 87 48 01 00 00 89 98 38
0x00007ffeaa0c70ef:   07 00 00 48 89 9f 88 01 00 00 eb bb cc cc cc cc
0x00007ffeaa0c70ff:   cc cc cc cc cc cc cc cc cc cc cc cc cc cc cc cc
0x00007ffeaa0c710f:   cc 48 89 5c 24 08 48 89 74 24 10 57 48 83 ec 20
0x00007ffeaa0c711f:   33 db 48 8b f1 38 99 6c 01 00 00 0f 84 90 00 00
0x00007ffeaa0c712f:   00 88 99 78 06 00 00 89 99 50 01 00 00 e8 8f db
0x00007ffeaa0c713f:   ff ff 48 8b 05 08 42 b5 00 39 98 94 03 00 00 0f
0x00007ffeaa0c714f:   85 de 79 6d 00 48 8d 8e d0 03 00 00 e8 90 a7 04
0x00007ffeaa0c715f:   00 48 8d 8e 10 04 00 00 e8 84 a7 04 00 48 8b 9e
0x00007ffeaa0c716f:   48 01 00 00 48 8d 96 e0 02 00 00 41 b8 0c 00 00
0x00007ffeaa0c717f:   00 8b bb 38 07 00 00 48 8b 8b 28 07 00 00 48 03
0x00007ffeaa0c718f:   cf e8 bb c5 db ff 83 83 38 07 00 00 0c 48 8d 8e
0x00007ffeaa0c719f:   a8 06 00 00 e8 38 fd ff ff 48 8b 8e 48 01 00 00
0x00007ffeaa0c71af:   48 8b 89 28 07 00 00 48 03 cf 48 89 8e 98 04 00
0x00007ffeaa0c71bf:   00 48 8b 5c 24 30 48 8b 74 24 38 48 83 c4 20 5f
0x00007ffeaa0c71cf:   c3 cc cc cc cc cc cc cc cc cc cc cc cc cc cc cc 


Stack slot to memory mapping:
stack at sp + 0 slots: 0x00000000000004b4 is an unknown value
stack at sp + 1 slots: 0x0 is NULL
stack at sp + 2 slots: 0x000000acc85f94f0 is pointing into the stack for thread: 0x000001be242f31a0
stack at sp + 3 slots: 0x0000000000000001 is an unknown value
stack at sp + 4 slots: 0x0 is NULL
stack at sp + 5 slots: 0x000001be2ad89e00 points into unknown readable memory: 0x000000000000003a | 3a 00 00 00 00 00 00 00
stack at sp + 6 slots: 0x000001be2ad7eee0 points into unknown readable memory: 0x0000000700000000 | 00 00 00 00 07 00 00 00
stack at sp + 7 slots: 0x000001be283e7540 points into unknown readable memory: 0x0000b13411000001 | 01 00 00 11 34 b1 00 00


---------------  P R O C E S S  ---------------

Threads class SMR info:
_java_thread_list=0x000001be28452500, length=21, elements={
0x000001be214240b0, 0x000001be21426a80, 0x000001be2142a650, 0x000001be2142d020,
0x000001be2142dfe0, 0x000001be2142e990, 0x000001be21477340, 0x000001be214a5d40,
0x000001be214ae330, 0x000001be21572540, 0x000001be21760a80, 0x000001be2370ef70,
0x000001be23ad0100, 0x000001be23ad05d0, 0x000001be242f31a0, 0x000001be24365510,
0x000001be21f00260, 0x000001be283d83b0, 0x000001be283ddf20, 0x000001be283de8c0,
0x000001be283d7540
}

Java Threads: ( => current thread )
  0x000001be214240b0 JavaThread "Reference Handler" daemon [_thread_blocked, id=1812, stack(0x000000acc6b00000,0x000000acc6c00000)]
  0x000001be21426a80 JavaThread "Finalizer" daemon [_thread_blocked, id=21084, stack(0x000000acc6c00000,0x000000acc6d00000)]
  0x000001be2142a650 JavaThread "Signal Dispatcher" daemon [_thread_blocked, id=15008, stack(0x000000acc6d00000,0x000000acc6e00000)]
  0x000001be2142d020 JavaThread "Attach Listener" daemon [_thread_blocked, id=15132, stack(0x000000acc6e00000,0x000000acc6f00000)]
  0x000001be2142dfe0 JavaThread "Service Thread" daemon [_thread_blocked, id=20164, stack(0x000000acc6f00000,0x000000acc7000000)]
  0x000001be2142e990 JavaThread "Monitor Deflation Thread" daemon [_thread_blocked, id=11308, stack(0x000000acc7000000,0x000000acc7100000)]
  0x000001be21477340 JavaThread "C2 CompilerThread0" daemon [_thread_blocked, id=2868, stack(0x000000acc7100000,0x000000acc7200000)]
  0x000001be214a5d40 JavaThread "C1 CompilerThread0" daemon [_thread_blocked, id=20496, stack(0x000000acc7200000,0x000000acc7300000)]
  0x000001be214ae330 JavaThread "Sweeper thread" daemon [_thread_blocked, id=16640, stack(0x000000acc7300000,0x000000acc7400000)]
  0x000001be21572540 JavaThread "Common-Cleaner" daemon [_thread_blocked, id=12716, stack(0x000000acc7400000,0x000000acc7500000)]
  0x000001be21760a80 JavaThread "Notification Thread" daemon [_thread_blocked, id=2788, stack(0x000000acc7600000,0x000000acc7700000)]
  0x000001be2370ef70 JavaThread "Java2D Disposer" daemon [_thread_blocked, id=16044, stack(0x000000acc8000000,0x000000acc8100000)]
  0x000001be23ad0100 JavaThread "AWT-Shutdown" [_thread_blocked, id=16308, stack(0x000000acc8100000,0x000000acc8200000)]
  0x000001be23ad05d0 JavaThread "AWT-Windows" daemon [_thread_in_native, id=9872, stack(0x000000acc8200000,0x000000acc8300000)]
=>0x000001be242f31a0 JavaThread "AWT-EventQueue-0" [_thread_in_native, id=5864, stack(0x000000acc8500000,0x000000acc8600000)]
  0x000001be24365510 JavaThread "TimerQueue" daemon [_thread_blocked, id=20504, stack(0x000000acc8600000,0x000000acc8700000)]
  0x000001be21f00260 JavaThread "DestroyJavaVM" [_thread_blocked, id=7088, stack(0x000000acc6400000,0x000000acc6500000)]
  0x000001be283d83b0 JavaThread "AWT-EventQueue-0-SharedResourceRunner" daemon [_thread_blocked, id=17392, stack(0x000000acc7500000,0x000000acc7600000)]
  0x000001be283ddf20 JavaThread "Thread-2" [_thread_blocked, id=22456, stack(0x000000acc8c00000,0x000000acc8d00000)]
  0x000001be283de8c0 JavaThread "Image Fetcher 0" daemon [_thread_blocked, id=10968, stack(0x000000acc8700000,0x000000acc8800000)]
  0x000001be283d7540 JavaThread "Image Fetcher 1" daemon [_thread_blocked, id=23256, stack(0x000000acc8800000,0x000000acc8900000)]

Other Threads:
  0x000001be2145bc30 VMThread "VM Thread" [stack: 0x000000acc6a00000,0x000000acc6b00000] [id=9584]
  0x000001be21605b90 WatcherThread [stack: 0x000000acc7700000,0x000000acc7800000] [id=10708]
  0x000001be020c9170 GCTaskThread "GC Thread#0" [stack: 0x000000acc6500000,0x000000acc6600000] [id=5768]
  0x000001be2202b880 GCTaskThread "GC Thread#1" [stack: 0x000000acc7800000,0x000000acc7900000] [id=4560]
  0x000001be2202e020 GCTaskThread "GC Thread#2" [stack: 0x000000acc7900000,0x000000acc7a00000] [id=21540]
  0x000001be22fd6ab0 GCTaskThread "GC Thread#3" [stack: 0x000000acc7a00000,0x000000acc7b00000] [id=6796]
  0x000001be22d6ce80 GCTaskThread "GC Thread#4" [stack: 0x000000acc7b00000,0x000000acc7c00000] [id=12024]
  0x000001be22e54b70 GCTaskThread "GC Thread#5" [stack: 0x000000acc7c00000,0x000000acc7d00000] [id=10848]
  0x000001be22e31890 GCTaskThread "GC Thread#6" [stack: 0x000000acc7d00000,0x000000acc7e00000] [id=3704]
  0x000001be22e31b40 GCTaskThread "GC Thread#7" [stack: 0x000000acc7e00000,0x000000acc7f00000] [id=5800]
  0x000001be020da3c0 ConcurrentGCThread "G1 Main Marker" [stack: 0x000000acc6600000,0x000000acc6700000] [id=22292]
  0x000001be020dac70 ConcurrentGCThread "G1 Conc#0" [stack: 0x000000acc6700000,0x000000acc6800000] [id=11136]
  0x000001be242f8480 ConcurrentGCThread "G1 Conc#1" [stack: 0x000000acc8400000,0x000000acc8500000] [id=21072]
  0x000001be0211ec00 ConcurrentGCThread "G1 Refine#0" [stack: 0x000000acc6800000,0x000000acc6900000] [id=20312]
  0x000001be209965f0 ConcurrentGCThread "G1 Service" [stack: 0x000000acc6900000,0x000000acc6a00000] [id=20280]

Threads with active compile tasks:

VM state: not at safepoint (normal execution)

VM Mutex/Monitor currently owned by a thread: None

Heap address: 0x0000000703200000, size: 4046 MB, Compressed Oops mode: Zero based, Oop shift amount: 3

CDS archive(s) not mapped
Compressed class space mapped at: 0x0000000800000000-0x0000000840000000, reserved size: 1073741824
Narrow klass base: 0x0000000800000000, Narrow klass shift: 0, Narrow klass range: 0x40000000

GC Precious Log:
 CPUs: 8 total, 8 available
 Memory: 16183M
 Large Page Support: Disabled
 NUMA Support: Disabled
 Compressed Oops: Enabled (Zero based)
 Heap Region Size: 2M
 Heap Min Capacity: 8M
 Heap Initial Capacity: 254M
 Heap Max Capacity: 4046M
 Pre-touch: Disabled
 Parallel Workers: 8
 Concurrent Workers: 2
 Concurrent Refinement Workers: 8
 Periodic GC: Disabled

Heap:
 garbage-first heap   total 112640K, used 64626K [0x0000000703200000, 0x0000000800000000)
  region size 2048K, 2 young (4096K), 1 survivors (2048K)
 Metaspace       used 57033K, committed 57408K, reserved 1105920K
  class space    used 6429K, committed 6592K, reserved 1048576K

Heap Regions: E=young(eden), S=young(survivor), O=old, HS=humongous(starts), HC=humongous(continues), CS=collection set, F=free, OA=open archive, CA=closed archive, TAMS=top-at-mark-start (previous, next)
|   0|0x0000000703200000, 0x0000000703400000, 0x0000000703400000|100%| O|  |TAMS 0x0000000703400000, 0x0000000703200000| Untracked 
|   1|0x0000000703400000, 0x0000000703600000, 0x0000000703600000|100%| O|  |TAMS 0x0000000703600000, 0x0000000703400000| Untracked 
|   2|0x0000000703600000, 0x0000000703800000, 0x0000000703800000|100%| O|  |TAMS 0x0000000703800000, 0x0000000703600000| Untracked 
|   3|0x0000000703800000, 0x0000000703a00000, 0x0000000703a00000|100%|HS|  |TAMS 0x0000000703a00000, 0x0000000703800000| Complete 
|   4|0x0000000703a00000, 0x0000000703c00000, 0x0000000703c00000|100%|HC|  |TAMS 0x0000000703c00000, 0x0000000703a00000| Complete 
|   5|0x0000000703c00000, 0x0000000703e00000, 0x0000000703e00000|100%| O|  |TAMS 0x0000000703e00000, 0x0000000703c00000| Untracked 
|   6|0x0000000703e00000, 0x0000000704000000, 0x0000000704000000|100%| O|  |TAMS 0x0000000704000000, 0x0000000703e00000| Untracked 
|   7|0x0000000704000000, 0x0000000704200000, 0x0000000704200000|100%| O|  |TAMS 0x0000000704200000, 0x0000000704000000| Untracked 
|   8|0x0000000704200000, 0x0000000704400000, 0x0000000704400000|100%| O|  |TAMS 0x0000000704400000, 0x0000000704200000| Untracked 
|   9|0x0000000704400000, 0x0000000704600000, 0x0000000704600000|100%| O|  |TAMS 0x0000000704600000, 0x0000000704400000| Untracked 
|  10|0x0000000704600000, 0x0000000704800000, 0x0000000704800000|100%| O|  |TAMS 0x0000000704800000, 0x0000000704600000| Untracked 
|  11|0x0000000704800000, 0x0000000704a00000, 0x0000000704a00000|100%| O|  |TAMS 0x0000000704a00000, 0x0000000704800000| Untracked 
|  12|0x0000000704a00000, 0x0000000704c00000, 0x0000000704c00000|100%|HS|  |TAMS 0x0000000704c00000, 0x0000000704a00000| Complete 
|  13|0x0000000704c00000, 0x0000000704e00000, 0x0000000704e00000|100%|HC|  |TAMS 0x0000000704e00000, 0x0000000704c00000| Complete 
|  14|0x0000000704e00000, 0x0000000705000000, 0x0000000705000000|100%|HC|  |TAMS 0x0000000705000000, 0x0000000704e00000| Complete 
|  15|0x0000000705000000, 0x0000000705200000, 0x0000000705200000|100%|HS|  |TAMS 0x0000000705200000, 0x0000000705000000| Complete 
|  16|0x0000000705200000, 0x0000000705400000, 0x0000000705400000|100%|HS|  |TAMS 0x0000000705400000, 0x0000000705200000| Complete 
|  17|0x0000000705400000, 0x0000000705600000, 0x0000000705600000|100%| O|  |TAMS 0x0000000705600000, 0x0000000705400000| Untracked 
|  18|0x0000000705600000, 0x0000000705800000, 0x0000000705800000|100%|HS|  |TAMS 0x0000000705800000, 0x0000000705600000| Complete 
|  19|0x0000000705800000, 0x0000000705a00000, 0x0000000705a00000|100%|HC|  |TAMS 0x0000000705a00000, 0x0000000705800000| Complete 
|  20|0x0000000705a00000, 0x0000000705c00000, 0x0000000705c00000|100%|HC|  |TAMS 0x0000000705c00000, 0x0000000705a00000| Complete 
|  21|0x0000000705c00000, 0x0000000705db9c00, 0x0000000705e00000| 86%| O|  |TAMS 0x0000000705db9c00, 0x0000000705c00000| Untracked 
|  22|0x0000000705e00000, 0x0000000705e00000, 0x0000000706000000|  0%| F|  |TAMS 0x0000000705e00000, 0x0000000705e00000| Untracked 
|  23|0x0000000706000000, 0x0000000706000000, 0x0000000706200000|  0%| F|  |TAMS 0x0000000706000000, 0x0000000706000000| Untracked 
|  24|0x0000000706200000, 0x0000000706400000, 0x0000000706400000|100%|HS|  |TAMS 0x0000000706400000, 0x0000000706200000| Complete 
|  25|0x0000000706400000, 0x0000000706600000, 0x0000000706600000|100%|HC|  |TAMS 0x0000000706600000, 0x0000000706400000| Complete 
|  26|0x0000000706600000, 0x0000000706800000, 0x0000000706800000|100%|HS|  |TAMS 0x0000000706800000, 0x0000000706600000| Complete 
|  27|0x0000000706800000, 0x0000000706a00000, 0x0000000706a00000|100%|HC|  |TAMS 0x0000000706a00000, 0x0000000706800000| Complete 
|  28|0x0000000706a00000, 0x0000000706c00000, 0x0000000706c00000|100%|HC|  |TAMS 0x0000000706c00000, 0x0000000706a00000| Complete 
|  29|0x0000000706c00000, 0x0000000706e00000, 0x0000000706e00000|100%|HC|  |TAMS 0x0000000706e00000, 0x0000000706c00000| Complete 
|  30|0x0000000706e00000, 0x0000000707000000, 0x0000000707000000|100%|HS|  |TAMS 0x0000000706e00000, 0x0000000706e00000| Complete 
|  31|0x0000000707000000, 0x0000000707200000, 0x0000000707200000|100%|HC|  |TAMS 0x0000000707000000, 0x0000000707000000| Complete 
|  32|0x0000000707200000, 0x0000000707400000, 0x0000000707400000|100%|HC|  |TAMS 0x0000000707200000, 0x0000000707200000| Complete 
|  33|0x0000000707400000, 0x0000000707400000, 0x0000000707600000|  0%| F|  |TAMS 0x0000000707400000, 0x0000000707400000| Untracked 
|  34|0x0000000707600000, 0x0000000707600000, 0x0000000707800000|  0%| F|  |TAMS 0x0000000707600000, 0x0000000707600000| Untracked 
|  35|0x0000000707800000, 0x0000000707800000, 0x0000000707a00000|  0%| F|  |TAMS 0x0000000707800000, 0x0000000707800000| Untracked 
|  36|0x0000000707a00000, 0x0000000707a00000, 0x0000000707c00000|  0%| F|  |TAMS 0x0000000707a00000, 0x0000000707a00000| Untracked 
|  37|0x0000000707c00000, 0x0000000707c00000, 0x0000000707e00000|  0%| F|  |TAMS 0x0000000707c00000, 0x0000000707c00000| Untracked 
|  38|0x0000000707e00000, 0x0000000707e00000, 0x0000000708000000|  0%| F|  |TAMS 0x0000000707e00000, 0x0000000707e00000| Untracked 
|  39|0x0000000708000000, 0x0000000708000000, 0x0000000708200000|  0%| F|  |TAMS 0x0000000708000000, 0x0000000708000000| Untracked 
|  40|0x0000000708200000, 0x0000000708200000, 0x0000000708400000|  0%| F|  |TAMS 0x0000000708200000, 0x0000000708200000| Untracked 
|  41|0x0000000708400000, 0x0000000708400000, 0x0000000708600000|  0%| F|  |TAMS 0x0000000708400000, 0x0000000708400000| Untracked 
|  42|0x0000000708600000, 0x0000000708600000, 0x0000000708800000|  0%| F|  |TAMS 0x0000000708600000, 0x0000000708600000| Untracked 
|  43|0x0000000708800000, 0x0000000708800000, 0x0000000708a00000|  0%| F|  |TAMS 0x0000000708800000, 0x0000000708800000| Untracked 
|  44|0x0000000708a00000, 0x0000000708a00000, 0x0000000708c00000|  0%| F|  |TAMS 0x0000000708a00000, 0x0000000708a00000| Untracked 
|  45|0x0000000708c00000, 0x0000000708c00000, 0x0000000708e00000|  0%| F|  |TAMS 0x0000000708c00000, 0x0000000708c00000| Untracked 
|  46|0x0000000708e00000, 0x0000000708e00000, 0x0000000709000000|  0%| F|  |TAMS 0x0000000708e00000, 0x0000000708e00000| Untracked 
|  47|0x0000000709000000, 0x0000000709000000, 0x0000000709200000|  0%| F|  |TAMS 0x0000000709000000, 0x0000000709000000| Untracked 
|  48|0x0000000709200000, 0x0000000709200000, 0x0000000709400000|  0%| F|  |TAMS 0x0000000709200000, 0x0000000709200000| Untracked 
|  49|0x0000000709400000, 0x0000000709400000, 0x0000000709600000|  0%| F|  |TAMS 0x0000000709400000, 0x0000000709400000| Untracked 
|  72|0x000000070c200000, 0x000000070c200000, 0x000000070c400000|  0%| F|  |TAMS 0x000000070c200000, 0x000000070c200000| Untracked 
|  73|0x000000070c400000, 0x000000070c400000, 0x000000070c600000|  0%| F|  |TAMS 0x000000070c400000, 0x000000070c400000| Untracked 
|  74|0x000000070c600000, 0x000000070c600000, 0x000000070c800000|  0%| F|  |TAMS 0x000000070c600000, 0x000000070c600000| Untracked 
|  75|0x000000070c800000, 0x000000070c962f98, 0x000000070ca00000| 69%| S|CS|TAMS 0x000000070c800000, 0x000000070c800000| Complete 
| 126|0x0000000712e00000, 0x0000000712e558e0, 0x0000000713000000| 16%| E|  |TAMS 0x0000000712e00000, 0x0000000712e00000| Complete 

Card table byte_map: [0x000001be15220000,0x000001be15a10000] _byte_map_base: 0x000001be11a07000

Marking Bits (Prev, Next): (CMBitMap*) 0x000001be020c9660, (CMBitMap*) 0x000001be020c9620
 Prev Bits: [0x000001be1a140000, 0x000001be1e078000)
 Next Bits: [0x000001be16200000, 0x000001be1a138000)

Polling page: 0x000001be01820000

Metaspace:

Usage:
  Non-class:     49.42 MB used.
      Class:      6.28 MB used.
       Both:     55.70 MB used.

Virtual space:
  Non-class space:       56.00 MB reserved,      49.62 MB ( 89%) committed,  7 nodes.
      Class space:        1.00 GB reserved,       6.44 MB ( <1%) committed,  1 nodes.
             Both:        1.05 GB reserved,      56.06 MB (  5%) committed. 

Chunk freelists:
   Non-Class:  2.20 MB
       Class:  1.63 MB
        Both:  3.83 MB

MaxMetaspaceSize: unlimited
CompressedClassSpaceSize: 1.00 GB
Initial GC threshold: 21.00 MB
Current GC threshold: 93.25 MB
CDS: off
MetaspaceReclaimPolicy: balanced
 - commit_granule_bytes: 65536.
 - commit_granule_words: 8192.
 - virtual_space_node_default_size: 1048576.
 - enlarge_chunks_in_place: 1.
 - new_chunks_are_fully_committed: 0.
 - uncommit_free_chunks: 1.
 - use_allocation_guard: 0.
 - handle_deallocations: 1.


Internal statistics:

num_allocs_failed_limit: 9.
num_arena_births: 312.
num_arena_deaths: 78.
num_vsnodes_births: 8.
num_vsnodes_deaths: 0.
num_space_committed: 893.
num_space_uncommitted: 0.
num_chunks_returned_to_freelist: 90.
num_chunks_taken_from_freelist: 1395.
num_chunk_merges: 25.
num_chunk_splits: 1033.
num_chunks_enlarged: 857.
num_purges: 6.
num_inconsistent_stats: 0.

CodeHeap 'non-profiled nmethods': size=120000Kb used=2596Kb max_used=2596Kb free=117403Kb
 bounds [0x000001be0d1d0000, 0x000001be0d460000, 0x000001be14700000]
CodeHeap 'profiled nmethods': size=120000Kb used=10070Kb max_used=10070Kb free=109929Kb
 bounds [0x000001be05ca0000, 0x000001be06680000, 0x000001be0d1d0000]
CodeHeap 'non-nmethods': size=5760Kb used=1789Kb max_used=1827Kb free=3970Kb
 bounds [0x000001be05700000, 0x000001be05970000, 0x000001be05ca0000]
 total_blobs=6194 nmethods=4947 adapters=1159
 compilation: enabled
              stopped_count=0, restarted_count=0
 full_count=0

Compilation events (20 events):
Event: 11742.028 Thread 0x000001be214a5d40 5658       3       java.awt.image.BufferedImage::isStandard (44 bytes)
Event: 11742.029 Thread 0x000001be214a5d40 nmethod 5658 0x000001be06672090 code [0x000001be066722a0, 0x000001be066729b8]
Event: 11742.029 Thread 0x000001be214a5d40 5659       3       java.awt.image.BufferedImage$1::<init> (20 bytes)
Event: 11742.029 Thread 0x000001be214a5d40 nmethod 5659 0x000001be06672c90 code [0x000001be06672e40, 0x000001be066730d8]
Event: 11742.121 Thread 0x000001be214a5d40 5660       3       com.sun.java.swing.plaf.windows.XPStyle$Skin::getWidth (22 bytes)
Event: 11742.122 Thread 0x000001be214a5d40 nmethod 5660 0x000001be06673190 code [0x000001be06673340, 0x000001be066734e8]
Event: 11742.123 Thread 0x000001be214a5d40 5661       3       java.awt.MediaTracker::addImage (9 bytes)
Event: 11742.124 Thread 0x000001be214a5d40 nmethod 5661 0x000001be06673590 code [0x000001be06673740, 0x000001be06673888]
Event: 11742.124 Thread 0x000001be214a5d40 5662       3       java.awt.MediaTracker::addImageImpl (25 bytes)
Event: 11742.124 Thread 0x000001be214a5d40 nmethod 5662 0x000001be06673910 code [0x000001be06673ae0, 0x000001be06673f08]
Event: 11742.125 Thread 0x000001be214a5d40 5663       3       sun.java2d.pipe.ShapeSpanIterator::<init> (10 bytes)
Event: 11742.125 Thread 0x000001be214a5d40 nmethod 5663 0x000001be06674090 code [0x000001be06674240, 0x000001be066743c8]
Event: 11742.126 Thread 0x000001be214a5d40 5664       3       sun.java2d.pipe.ShapeSpanIterator::setOutputArea (21 bytes)
Event: 11742.126 Thread 0x000001be214a5d40 nmethod 5664 0x000001be06674490 code [0x000001be06674640, 0x000001be066747e8]
Event: 11742.126 Thread 0x000001be214a5d40 5665   !   3       javax.swing.ImageIcon::loadImage (98 bytes)
Event: 11742.127 Thread 0x000001be214a5d40 nmethod 5665 0x000001be06674890 code [0x000001be06674b40, 0x000001be066757c8]
Event: 11742.147 Thread 0x000001be214a5d40 5666       3       java.awt.MediaEntry::cancel (6 bytes)
Event: 11742.147 Thread 0x000001be214a5d40 nmethod 5666 0x000001be06675e10 code [0x000001be06675fa0, 0x000001be066760b8]
Event: 11742.211 Thread 0x000001be214a5d40 5667       3       jogamp.common.util.locks.RecursiveLockImpl01Unfairish$SingleThreadSync::setOwner (6 bytes)
Event: 11742.211 Thread 0x000001be214a5d40 nmethod 5667 0x000001be06676190 code [0x000001be06676320, 0x000001be06676498]

GC Heap History (20 events):
Event: 7.830 GC heap before
{Heap before GC invocations=15 (full 0):
 garbage-first heap   total 83968K, used 61535K [0x0000000703200000, 0x0000000800000000)
  region size 2048K, 15 young (30720K), 2 survivors (4096K)
 Metaspace       used 54752K, committed 55104K, reserved 1097728K
  class space    used 6221K, committed 6400K, reserved 1048576K
}
Event: 7.837 GC heap after
{Heap after GC invocations=16 (full 0):
 garbage-first heap   total 83968K, used 38526K [0x0000000703200000, 0x0000000800000000)
  region size 2048K, 2 young (4096K), 2 survivors (4096K)
 Metaspace       used 54752K, committed 55104K, reserved 1097728K
  class space    used 6221K, committed 6400K, reserved 1048576K
}
Event: 8.169 GC heap before
{Heap before GC invocations=16 (full 0):
 garbage-first heap   total 83968K, used 50814K [0x0000000703200000, 0x0000000800000000)
  region size 2048K, 9 young (18432K), 2 survivors (4096K)
 Metaspace       used 55610K, committed 55936K, reserved 1105920K
  class space    used 6340K, committed 6528K, reserved 1048576K
}
Event: 8.170 GC heap after
{Heap after GC invocations=17 (full 0):
 garbage-first heap   total 83968K, used 39310K [0x0000000703200000, 0x0000000800000000)
  region size 2048K, 2 young (4096K), 2 survivors (4096K)
 Metaspace       used 55610K, committed 55936K, reserved 1105920K
  class space    used 6340K, committed 6528K, reserved 1048576K
}
Event: 8.254 GC heap before
{Heap before GC invocations=17 (full 0):
 garbage-first heap   total 83968K, used 47502K [0x0000000703200000, 0x0000000800000000)
  region size 2048K, 4 young (8192K), 2 survivors (4096K)
 Metaspace       used 56206K, committed 56512K, reserved 1105920K
  class space    used 6376K, committed 6528K, reserved 1048576K
}
Event: 8.256 GC heap after
{Heap after GC invocations=18 (full 0):
 garbage-first heap   total 83968K, used 45484K [0x0000000703200000, 0x0000000800000000)
  region size 2048K, 1 young (2048K), 1 survivors (2048K)
 Metaspace       used 56206K, committed 56512K, reserved 1105920K
  class space    used 6376K, committed 6528K, reserved 1048576K
}
Event: 8.293 GC heap before
{Heap before GC invocations=19 (full 0):
 garbage-first heap   total 90112K, used 49580K [0x0000000703200000, 0x0000000800000000)
  region size 2048K, 2 young (4096K), 1 survivors (2048K)
 Metaspace       used 56258K, committed 56576K, reserved 1105920K
  class space    used 6377K, committed 6528K, reserved 1048576K
}
Event: 8.294 GC heap after
{Heap after GC invocations=20 (full 0):
 garbage-first heap   total 90112K, used 49527K [0x0000000703200000, 0x0000000800000000)
  region size 2048K, 1 young (2048K), 1 survivors (2048K)
 Metaspace       used 56258K, committed 56576K, reserved 1105920K
  class space    used 6377K, committed 6528K, reserved 1048576K
}
Event: 11735.782 GC heap before
{Heap before GC invocations=21 (full 0):
 garbage-first heap   total 96256K, used 61815K [0x0000000703200000, 0x0000000800000000)
  region size 2048K, 6 young (12288K), 1 survivors (2048K)
 Metaspace       used 56972K, committed 57280K, reserved 1105920K
  class space    used 6447K, committed 6592K, reserved 1048576K
}
Event: 11735.785 GC heap after
{Heap after GC invocations=22 (full 0):
 garbage-first heap   total 96256K, used 53679K [0x0000000703200000, 0x0000000800000000)
  region size 2048K, 1 young (2048K), 1 survivors (2048K)
 Metaspace       used 56972K, committed 57280K, reserved 1105920K
  class space    used 6447K, committed 6592K, reserved 1048576K
}
Event: 11736.879 GC heap before
{Heap before GC invocations=23 (full 0):
 garbage-first heap   total 96256K, used 53679K [0x0000000703200000, 0x0000000800000000)
  region size 2048K, 2 young (4096K), 1 survivors (2048K)
 Metaspace       used 56901K, committed 57280K, reserved 1105920K
  class space    used 6428K, committed 6592K, reserved 1048576K
}
Event: 11736.884 GC heap after
{Heap after GC invocations=24 (full 0):
 garbage-first heap   total 96256K, used 49777K [0x0000000703200000, 0x0000000800000000)
  region size 2048K, 1 young (2048K), 1 survivors (2048K)
 Metaspace       used 56901K, committed 57280K, reserved 1105920K
  class space    used 6428K, committed 6592K, reserved 1048576K
}
Event: 11737.351 GC heap before
{Heap before GC invocations=25 (full 0):
 garbage-first heap   total 102400K, used 57969K [0x0000000703200000, 0x0000000800000000)
  region size 2048K, 2 young (4096K), 1 survivors (2048K)
 Metaspace       used 56922K, committed 57280K, reserved 1105920K
  class space    used 6428K, committed 6592K, reserved 1048576K
}
Event: 11737.353 GC heap after
{Heap after GC invocations=26 (full 0):
 garbage-first heap   total 102400K, used 49772K [0x0000000703200000, 0x0000000800000000)
  region size 2048K, 1 young (2048K), 1 survivors (2048K)
 Metaspace       used 56922K, committed 57280K, reserved 1105920K
  class space    used 6428K, committed 6592K, reserved 1048576K
}
Event: 11738.738 GC heap before
{Heap before GC invocations=27 (full 0):
 garbage-first heap   total 102400K, used 57964K [0x0000000703200000, 0x0000000800000000)
  region size 2048K, 2 young (4096K), 1 survivors (2048K)
 Metaspace       used 56977K, committed 57344K, reserved 1105920K
  class space    used 6428K, committed 6592K, reserved 1048576K
}
Event: 11738.741 GC heap after
{Heap after GC invocations=28 (full 0):
 garbage-first heap   total 102400K, used 49986K [0x0000000703200000, 0x0000000800000000)
  region size 2048K, 1 young (2048K), 1 survivors (2048K)
 Metaspace       used 56977K, committed 57344K, reserved 1105920K
  class space    used 6428K, committed 6592K, reserved 1048576K
}
Event: 11742.003 GC heap before
{Heap before GC invocations=29 (full 0):
 garbage-first heap   total 102400K, used 56130K [0x0000000703200000, 0x0000000800000000)
  region size 2048K, 2 young (4096K), 1 survivors (2048K)
 Metaspace       used 57014K, committed 57344K, reserved 1105920K
  class space    used 6429K, committed 6592K, reserved 1048576K
}
Event: 11742.005 GC heap after
{Heap after GC invocations=30 (full 0):
 garbage-first heap   total 102400K, used 56432K [0x0000000703200000, 0x0000000800000000)
  region size 2048K, 1 young (2048K), 1 survivors (2048K)
 Metaspace       used 57014K, committed 57344K, reserved 1105920K
  class space    used 6429K, committed 6592K, reserved 1048576K
}
Event: 11742.164 GC heap before
{Heap before GC invocations=31 (full 0):
 garbage-first heap   total 102400K, used 58480K [0x0000000703200000, 0x0000000800000000)
  region size 2048K, 2 young (4096K), 1 survivors (2048K)
 Metaspace       used 57032K, committed 57408K, reserved 1105920K
  class space    used 6429K, committed 6592K, reserved 1048576K
}
Event: 11742.166 GC heap after
{Heap after GC invocations=32 (full 0):
 garbage-first heap   total 102400K, used 58482K [0x0000000703200000, 0x0000000800000000)
  region size 2048K, 1 young (2048K), 1 survivors (2048K)
 Metaspace       used 57032K, committed 57408K, reserved 1105920K
  class space    used 6429K, committed 6592K, reserved 1048576K
}

Deoptimization events (20 events):
Event: 11735.758 Thread 0x000001be242f31a0 DEOPT PACKING pc=0x000001be0d42e4f8 sp=0x000000acc85fe9b0
Event: 11735.758 Thread 0x000001be242f31a0 DEOPT UNPACKING pc=0x000001be05755c23 sp=0x000000acc85fe950 mode 2
Event: 11735.758 Thread 0x000001be242f31a0 Uncommon trap: trap_request=0xffffff45 fr.pc=0x000001be0d4411ec relative=0x000000000000034c
Event: 11735.758 Thread 0x000001be242f31a0 Uncommon trap: reason=unstable_if action=reinterpret pc=0x000001be0d4411ec method=java.awt.EventQueue.eventToCacheIndex(Ljava/awt/AWTEvent;)I @ 71 c2
Event: 11735.758 Thread 0x000001be242f31a0 DEOPT PACKING pc=0x000001be0d4411ec sp=0x000000acc85ff300
Event: 11735.758 Thread 0x000001be242f31a0 DEOPT UNPACKING pc=0x000001be05755c23 sp=0x000000acc85ff1d0 mode 2
Event: 11735.791 Thread 0x000001be242f31a0 Uncommon trap: trap_request=0xffffff45 fr.pc=0x000001be0d425e88 relative=0x00000000000003a8
Event: 11735.792 Thread 0x000001be242f31a0 Uncommon trap: reason=unstable_if action=reinterpret pc=0x000001be0d425e88 method=sun.java2d.SunGraphics2D.validateColor()V @ 38 c2
Event: 11735.792 Thread 0x000001be242f31a0 DEOPT PACKING pc=0x000001be0d425e88 sp=0x000000acc85fe320
Event: 11735.792 Thread 0x000001be242f31a0 DEOPT UNPACKING pc=0x000001be05755c23 sp=0x000000acc85fe270 mode 2
Event: 11738.777 Thread 0x000001be242f31a0 Uncommon trap: trap_request=0xffffff45 fr.pc=0x000001be0d3030b4 relative=0x0000000000000514
Event: 11738.777 Thread 0x000001be242f31a0 Uncommon trap: reason=unstable_if action=reinterpret pc=0x000001be0d3030b4 method=java.lang.String.valueOf(Ljava/lang/Object;)Ljava/lang/String; @ 1 c2
Event: 11738.777 Thread 0x000001be242f31a0 DEOPT PACKING pc=0x000001be0d3030b4 sp=0x000000acc85f9d90
Event: 11738.777 Thread 0x000001be242f31a0 DEOPT UNPACKING pc=0x000001be05755c23 sp=0x000000acc85f9d28 mode 2
Event: 11738.817 Thread 0x000001be242f31a0 Uncommon trap: trap_request=0xfffffff4 fr.pc=0x000001be0d3a74ec relative=0x000000000000078c
Event: 11738.817 Thread 0x000001be242f31a0 Uncommon trap: reason=null_check action=make_not_entrant pc=0x000001be0d3a74ec method=java.lang.Class.reflectionData()Ljava/lang/Class$ReflectionData; @ 18 c2
Event: 11738.817 Thread 0x000001be242f31a0 DEOPT PACKING pc=0x000001be0d3a74ec sp=0x000000acc85fa4d0
Event: 11738.817 Thread 0x000001be242f31a0 DEOPT UNPACKING pc=0x000001be05755c23 sp=0x000000acc85fa488 mode 2
Event: 11738.818 Thread 0x000001be242f31a0 DEOPT PACKING pc=0x000001be06399ae8 sp=0x000000acc85f9580
Event: 11738.818 Thread 0x000001be242f31a0 DEOPT UNPACKING pc=0x000001be05756763 sp=0x000000acc85f8a10 mode 0

Classes unloaded (20 events):
Event: 11735.805 Thread 0x000001be2145bc30 Unloading class 0x00000008001dd400 'java/lang/invoke/LambdaForm$MH+0x00000008001dd400'
Event: 11735.805 Thread 0x000001be2145bc30 Unloading class 0x00000008001dd000 'java/lang/invoke/LambdaForm$MH+0x00000008001dd000'
Event: 11735.805 Thread 0x000001be2145bc30 Unloading class 0x00000008001dcc00 'java/lang/invoke/LambdaForm$MH+0x00000008001dcc00'
Event: 11735.805 Thread 0x000001be2145bc30 Unloading class 0x00000008001dc800 'java/lang/invoke/LambdaForm$MH+0x00000008001dc800'
Event: 11735.805 Thread 0x000001be2145bc30 Unloading class 0x00000008001dc400 'java/lang/invoke/LambdaForm$MH+0x00000008001dc400'
Event: 11735.805 Thread 0x000001be2145bc30 Unloading class 0x00000008001dc000 'java/lang/invoke/LambdaForm$MH+0x00000008001dc000'
Event: 11735.805 Thread 0x000001be2145bc30 Unloading class 0x0000000800132400 'jdk/internal/reflect/GeneratedConstructorAccessor3'
Event: 11735.805 Thread 0x000001be2145bc30 Unloading class 0x0000000800131800 'java/lang/invoke/LambdaForm$MH+0x0000000800131800'
Event: 11735.805 Thread 0x000001be2145bc30 Unloading class 0x0000000800131400 'java/lang/invoke/LambdaForm$MH+0x0000000800131400'
Event: 11735.805 Thread 0x000001be2145bc30 Unloading class 0x0000000800131000 'java/lang/invoke/LambdaForm$MH+0x0000000800131000'
Event: 11735.805 Thread 0x000001be2145bc30 Unloading class 0x0000000800130c00 'java/lang/invoke/LambdaForm$MH+0x0000000800130c00'
Event: 11735.805 Thread 0x000001be2145bc30 Unloading class 0x0000000800130800 'java/lang/invoke/LambdaForm$MH+0x0000000800130800'
Event: 11735.805 Thread 0x000001be2145bc30 Unloading class 0x0000000800130400 'java/lang/invoke/LambdaForm$MH+0x0000000800130400'
Event: 11735.805 Thread 0x000001be2145bc30 Unloading class 0x000000080012f800 'java/lang/invoke/LambdaForm$MH+0x000000080012f800'
Event: 11735.805 Thread 0x000001be2145bc30 Unloading class 0x000000080012f400 'java/lang/invoke/LambdaForm$MH+0x000000080012f400'
Event: 11735.805 Thread 0x000001be2145bc30 Unloading class 0x000000080012ec00 'java/lang/invoke/LambdaForm$MH+0x000000080012ec00'
Event: 11735.805 Thread 0x000001be2145bc30 Unloading class 0x000000080012e000 'java/lang/invoke/LambdaForm$MH+0x000000080012e000'
Event: 11735.805 Thread 0x000001be2145bc30 Unloading class 0x000000080012d800 'java/lang/invoke/LambdaForm$MH+0x000000080012d800'
Event: 11735.805 Thread 0x000001be2145bc30 Unloading class 0x000000080012d000 'java/lang/invoke/LambdaForm$MH+0x000000080012d000'
Event: 11735.805 Thread 0x000001be2145bc30 Unloading class 0x000000080012c800 'java/lang/invoke/LambdaForm$MH+0x000000080012c800'

Classes redefined (0 events):
No events

Internal exceptions (20 events):
Event: 3.949 Thread 0x000001be242f31a0 Exception <a 'java/lang/ClassNotFoundException'{0x000000070c7fb0a0}: java/awt/ComponentCustomizer> (0x000000070c7fb0a0) 
thrown [e:\jenkins\tmp\workspace\build\src\src\hotspot\share\classfile\systemDictionary.cpp, line 256]
Event: 3.952 Thread 0x000001be242f31a0 Exception <a 'java/lang/ClassNotFoundException'{0x000000070c459d70}: java/awt/ContainerCustomizer> (0x000000070c459d70) 
thrown [e:\jenkins\tmp\workspace\build\src\src\hotspot\share\classfile\systemDictionary.cpp, line 256]
Event: 3.955 Thread 0x000001be242f31a0 Exception <a 'java/lang/ClassNotFoundException'{0x000000070c496ac0}: javax/swing/JComponentCustomizer> (0x000000070c496ac0) 
thrown [e:\jenkins\tmp\workspace\build\src\src\hotspot\share\classfile\systemDictionary.cpp, line 256]
Event: 3.962 Thread 0x000001be242f31a0 Exception <a 'java/lang/ClassNotFoundException'{0x000000070c5447c8}: javax/swing/text/JTextComponentCustomizer> (0x000000070c5447c8) 
thrown [e:\jenkins\tmp\workspace\build\src\src\hotspot\share\classfile\systemDictionary.cpp, line 256]
Event: 3.965 Thread 0x000001be242f31a0 Exception <a 'java/lang/ClassNotFoundException'{0x000000070c5b1028}: javax/swing/JTextFieldCustomizer> (0x000000070c5b1028) 
thrown [e:\jenkins\tmp\workspace\build\src\src\hotspot\share\classfile\systemDictionary.cpp, line 256]
Event: 3.967 Thread 0x000001be242f31a0 Exception <a 'java/lang/ClassNotFoundException'{0x000000070c5ef6a0}: javax/swing/JFormattedTextFieldCustomizer> (0x000000070c5ef6a0) 
thrown [e:\jenkins\tmp\workspace\build\src\src\hotspot\share\classfile\systemDictionary.cpp, line 256]
Event: 4.068 Thread 0x000001be23ad05d0 Exception <a 'java/lang/NoSuchMethodError'{0x000000070685fe48}: 'void java.lang.invoke.DirectMethodHandle$Holder.invokeVirtual(java.lang.Object, java.lang.Object)'> (0x000000070685fe48) 
thrown [e:\jenkins\tmp\workspace\build\src\src\hotspot\share\interpreter\linkResolver.cpp, line 766]
Event: 4.759 Thread 0x000001be242f31a0 Exception <a 'java/lang/ClassNotFoundException'{0x0000000707806860}: repast/simphony/ui/parameters/ParameterValueModelBeanInfo> (0x0000000707806860) 
thrown [e:\jenkins\tmp\workspace\build\src\src\hotspot\share\classfile\systemDictionary.cpp, line 256]
Event: 4.760 Thread 0x000001be242f31a0 Exception <a 'java/lang/ClassNotFoundException'{0x000000070781a540}: repast/simphony/ui/parameters/ParameterValueModelCustomizer> (0x000000070781a540) 
thrown [e:\jenkins\tmp\workspace\build\src\src\hotspot\share\classfile\systemDictionary.cpp, line 256]
Event: 7.193 Thread 0x000001be242f31a0 Exception <a 'java/lang/NoSuchMethodError'{0x000000070c88aea8}: 'java.io.File jogamp.common.os.PlatformPropsImpl.access$000(com.jogamp.common.os.Platform$OSType)'> (0x000000070c88aea8) 
thrown [e:\jenkins\tmp\workspace\build\src\src\hotspot\share\interpreter\linkResolver.cpp, line 766]
Event: 7.220 Thread 0x000001be242f31a0 Exception <a 'java/lang/NoSuchMethodError'{0x000000070c983170}: 'void java.lang.invoke.DirectMethodHandle$Holder.invokeStatic(java.lang.Object, long)'> (0x000000070c983170) 
thrown [e:\jenkins\tmp\workspace\build\src\src\hotspot\share\interpreter\linkResolver.cpp, line 766]
Event: 7.220 Thread 0x000001be242f31a0 Exception <a 'java/lang/NoSuchMethodError'{0x000000070c988a68}: 'java.lang.Object java.lang.invoke.DirectMethodHandle$Holder.newInvokeSpecial(java.lang.Object, long)'> (0x000000070c988a68) 
thrown [e:\jenkins\tmp\workspace\build\src\src\hotspot\share\interpreter\linkResolver.cpp, line 766]
Event: 7.221 Thread 0x000001be242f31a0 Exception <a 'java/lang/NoSuchMethodError'{0x000000070c98f900}: 'java.lang.Object java.lang.invoke.DirectMethodHandle$Holder.invokeStatic(java.lang.Object, java.lang.Object, long, java.lang.Object)'> (0x000000070c98f900) 
thrown [e:\jenkins\tmp\workspace\build\src\src\hotspot\share\interpreter\linkResolver.cpp, line 766]
Event: 7.222 Thread 0x000001be242f31a0 Exception <a 'java/lang/NoSuchMethodError'{0x000000070c993640}: 'java.lang.Object java.lang.invoke.DirectMethodHandle$Holder.invokeStaticInit(java.lang.Object, java.lang.Object, long, java.lang.Object)'> (0x000000070c993640) 
thrown [e:\jenkins\tmp\workspace\build\src\src\hotspot\share\interpreter\linkResolver.cpp, line 766]
Event: 7.222 Thread 0x000001be242f31a0 Exception <a 'java/lang/NoSuchMethodError'{0x000000070c999eb8}: 'java.lang.Object java.lang.invoke.DirectMethodHandle$Holder.newInvokeSpecial(java.lang.Object, java.lang.Object, long)'> (0x000000070c999eb8) 
thrown [e:\jenkins\tmp\workspace\build\src\src\hotspot\share\interpreter\linkResolver.cpp, line 766]
Event: 7.222 Thread 0x000001be242f31a0 Exception <a 'java/lang/NoSuchMethodError'{0x000000070c99dcd0}: 'java.lang.Object java.lang.invoke.Invokers$Holder.linkToTargetMethod(java.lang.Object, long, java.lang.Object)'> (0x000000070c99dcd0) 
thrown [e:\jenkins\tmp\workspace\build\src\src\hotspot\share\interpreter\linkResolver.cpp, line 766]
Event: 7.273 Thread 0x000001be242f31a0 Implicit null exception at 0x000001be0d21b360 to 0x000001be0d21c160
Event: 19.192 Thread 0x000001be283ddf20 Exception <a 'java/lang/NoSuchMethodError'{0x000000070c7e74a0}: 'java.lang.Object java.lang.invoke.DirectMethodHandle$Holder.invokeSpecial(java.lang.Object, java.lang.Object, java.lang.Object, int, java.lang.Object)'> (0x000000070c7e74a0) 
thrown [e:\jenkins\tmp\workspace\build\src\src\hotspot\share\interpreter\linkResolver.cpp, line 766]
Event: 19.202 Thread 0x000001be283ddf20 Exception <a 'java/lang/NoSuchMethodError'{0x000000070c47fae8}: static [Ljava/lang/StackTraceElement;.<clinit>()V> (0x000000070c47fae8) 
thrown [e:\jenkins\tmp\workspace\build\src\src\hotspot\share\prims\jni.cpp, line 1107]
Event: 11738.817 Thread 0x000001be242f31a0 Implicit null exception at 0x000001be0d3a6db2 to 0x000001be0d3a74dc

VM Operations (20 events):
Event: 11738.738 Executing VM operation: G1TryInitiateConcMark
Event: 11738.741 Executing VM operation: G1TryInitiateConcMark done
Event: 11738.756 Executing VM operation: G1Concurrent
Event: 11738.760 Executing VM operation: G1Concurrent done
Event: 11738.766 Executing VM operation: G1Concurrent
Event: 11738.766 Executing VM operation: G1Concurrent done
Event: 11739.772 Executing VM operation: Cleanup
Event: 11739.772 Executing VM operation: Cleanup done
Event: 11742.003 Executing VM operation: G1TryInitiateConcMark
Event: 11742.005 Executing VM operation: G1TryInitiateConcMark done
Event: 11742.035 Executing VM operation: G1Concurrent
Event: 11742.045 Executing VM operation: G1Concurrent done
Event: 11742.052 Executing VM operation: G1Concurrent
Event: 11742.052 Executing VM operation: G1Concurrent done
Event: 11742.156 Executing VM operation: G1TryInitiateConcMark
Event: 11742.189 Executing VM operation: G1TryInitiateConcMark done
Event: 11742.204 Executing VM operation: G1Concurrent
Event: 11742.207 Executing VM operation: G1Concurrent done
Event: 11742.214 Executing VM operation: G1Concurrent
Event: 11742.214 Executing VM operation: G1Concurrent done

Events (20 events):
Event: 19.202 loading class java/io/ObjectStreamClass$5
Event: 19.202 loading class java/io/ObjectStreamClass$5 done
Event: 19.203 loading class java/util/function/UnaryOperator
Event: 19.203 loading class java/util/function/UnaryOperator done
Event: 19.204 loading class java/lang/Throwable$WrappedPrintStream
Event: 19.204 loading class java/lang/Throwable$WrappedPrintStream done
Event: 1233.983 Thread 0x000001be283db3d0 Thread added: 0x000001be283db3d0
Event: 1239.099 Thread 0x000001be283db3d0 Thread exited: 0x000001be283db3d0
Event: 1287.545 Thread 0x000001be283ded90 Thread added: 0x000001be283ded90
Event: 1292.608 Thread 0x000001be283ded90 Thread exited: 0x000001be283ded90
Event: 1536.304 loading class java/security/DomainCombiner
Event: 1536.305 loading class java/security/DomainCombiner done
Event: 11735.757 loading class java/util/WeakHashMap$KeyIterator
Event: 11735.757 loading class java/util/WeakHashMap$HashIterator
Event: 11735.757 loading class java/util/WeakHashMap$HashIterator done
Event: 11735.757 loading class java/util/WeakHashMap$KeyIterator done
Event: 11735.758 loading class javax/swing/RepaintManager$DisplayChangedRunnable
Event: 11735.758 loading class javax/swing/RepaintManager$DisplayChangedRunnable done
Event: 11735.870 Thread 0x000001be283de8c0 Thread added: 0x000001be283de8c0
Event: 11736.933 Thread 0x000001be283d7540 Thread added: 0x000001be283d7540


Dynamic libraries:
0x00007ff75d040000 - 0x00007ff75d04e000 	C:\Users\Mariangela\RepastSimphony-2.10.0\eclipse\plugins\org.eclipse.justj.openjdk.hotspot.jre.full.win32.x86_64_17.0.3.v20220515-1416\jre\bin\javaw.exe
0x00007fff3aad0000 - 0x00007fff3ace7000 	C:\WINDOWS\SYSTEM32\ntdll.dll
0x00007fff39e00000 - 0x00007fff39ec4000 	C:\WINDOWS\System32\KERNEL32.DLL
0x00007fff38150000 - 0x00007fff3850a000 	C:\WINDOWS\System32\KERNELBASE.dll
0x00007fff38540000 - 0x00007fff38651000 	C:\WINDOWS\System32\ucrtbase.dll
0x00007fff2a110000 - 0x00007fff2a128000 	C:\Users\Mariangela\RepastSimphony-2.10.0\eclipse\plugins\org.eclipse.justj.openjdk.hotspot.jre.full.win32.x86_64_17.0.3.v20220515-1416\jre\bin\jli.dll
0x00007fff28870000 - 0x00007fff28889000 	C:\Users\Mariangela\RepastSimphony-2.10.0\eclipse\plugins\org.eclipse.justj.openjdk.hotspot.jre.full.win32.x86_64_17.0.3.v20220515-1416\jre\bin\VCRUNTIME140.dll
0x00007fff39a40000 - 0x00007fff39bee000 	C:\WINDOWS\System32\USER32.dll
0x00007fff38120000 - 0x00007fff38146000 	C:\WINDOWS\System32\win32u.dll
0x00007fff28950000 - 0x00007fff28be2000 	C:\WINDOWS\WinSxS\amd64_microsoft.windows.common-controls_6595b64144ccf1df_6.0.22621.4541_none_2710d1c57384c085\COMCTL32.dll
0x00007fff3a020000 - 0x00007fff3a049000 	C:\WINDOWS\System32\GDI32.dll
0x00007fff37d90000 - 0x00007fff37eab000 	C:\WINDOWS\System32\gdi32full.dll
0x00007fff39bf0000 - 0x00007fff39c97000 	C:\WINDOWS\System32\msvcrt.dll
0x00007fff38720000 - 0x00007fff387ba000 	C:\WINDOWS\System32\msvcp_win.dll
0x00007fff39fe0000 - 0x00007fff3a011000 	C:\WINDOWS\System32\IMM32.DLL
0x00007fff340c0000 - 0x00007fff340cc000 	C:\Users\Mariangela\RepastSimphony-2.10.0\eclipse\plugins\org.eclipse.justj.openjdk.hotspot.jre.full.win32.x86_64_17.0.3.v20220515-1416\jre\bin\vcruntime140_1.dll
0x00007fff04d30000 - 0x00007fff04dc1000 	C:\Users\Mariangela\RepastSimphony-2.10.0\eclipse\plugins\org.eclipse.justj.openjdk.hotspot.jre.full.win32.x86_64_17.0.3.v20220515-1416\jre\bin\msvcp140.dll
0x00007ffeac440000 - 0x00007ffead088000 	C:\Users\Mariangela\RepastSimphony-2.10.0\eclipse\plugins\org.eclipse.justj.openjdk.hotspot.jre.full.win32.x86_64_17.0.3.v20220515-1416\jre\bin\server\jvm.dll
0x00007fff38970000 - 0x00007fff38a22000 	C:\WINDOWS\System32\ADVAPI32.dll
0x00007fff388c0000 - 0x00007fff38967000 	C:\WINDOWS\System32\sechost.dll
0x00007fff38510000 - 0x00007fff38538000 	C:\WINDOWS\System32\bcrypt.dll
0x00007fff3a380000 - 0x00007fff3a494000 	C:\WINDOWS\System32\RPCRT4.dll
0x00007fff3a050000 - 0x00007fff3a058000 	C:\WINDOWS\System32\PSAPI.DLL
0x00007fff295c0000 - 0x00007fff295c9000 	C:\WINDOWS\SYSTEM32\WSOCK32.dll
0x00007fff39d80000 - 0x00007fff39df1000 	C:\WINDOWS\System32\WS2_32.dll
0x00007fff32ec0000 - 0x00007fff32ef4000 	C:\WINDOWS\SYSTEM32\WINMM.dll
0x00007fff29b60000 - 0x00007fff29b6a000 	C:\WINDOWS\SYSTEM32\VERSION.dll
0x00007fff36dd0000 - 0x00007fff36de8000 	C:\WINDOWS\SYSTEM32\kernel.appcore.dll
0x00007fff282d0000 - 0x00007fff282da000 	C:\Users\Mariangela\RepastSimphony-2.10.0\eclipse\plugins\org.eclipse.justj.openjdk.hotspot.jre.full.win32.x86_64_17.0.3.v20220515-1416\jre\bin\jimage.dll
0x00007fff35680000 - 0x00007fff358b2000 	C:\WINDOWS\SYSTEM32\DBGHELP.DLL
0x00007fff38a50000 - 0x00007fff38de1000 	C:\WINDOWS\System32\combase.dll
0x00007fff3a920000 - 0x00007fff3a9f7000 	C:\WINDOWS\System32\OLEAUT32.dll
0x00007fff20360000 - 0x00007fff20392000 	C:\WINDOWS\SYSTEM32\dbgcore.DLL
0x00007fff38020000 - 0x00007fff3809b000 	C:\WINDOWS\System32\bcryptPrimitives.dll
0x00007fff20d90000 - 0x00007fff20db5000 	C:\Users\Mariangela\RepastSimphony-2.10.0\eclipse\plugins\org.eclipse.justj.openjdk.hotspot.jre.full.win32.x86_64_17.0.3.v20220515-1416\jre\bin\java.dll
0x00007fff23250000 - 0x00007fff23268000 	C:\Users\Mariangela\RepastSimphony-2.10.0\eclipse\plugins\org.eclipse.justj.openjdk.hotspot.jre.full.win32.x86_64_17.0.3.v20220515-1416\jre\bin\zip.dll
0x00007fff38fb0000 - 0x00007fff39829000 	C:\WINDOWS\System32\SHELL32.dll
0x00007fff35cd0000 - 0x00007fff365d9000 	C:\WINDOWS\SYSTEM32\windows.storage.dll
0x00007fff35b90000 - 0x00007fff35ccf000 	C:\WINDOWS\SYSTEM32\wintypes.dll
0x00007fff39940000 - 0x00007fff39a3a000 	C:\WINDOWS\System32\SHCORE.dll
0x00007fff398e0000 - 0x00007fff3993e000 	C:\WINDOWS\System32\shlwapi.dll
0x00007fff37cc0000 - 0x00007fff37ceb000 	C:\WINDOWS\SYSTEM32\profapi.dll
0x00007fff1ff00000 - 0x00007fff1ff19000 	C:\Users\Mariangela\RepastSimphony-2.10.0\eclipse\plugins\org.eclipse.justj.openjdk.hotspot.jre.full.win32.x86_64_17.0.3.v20220515-1416\jre\bin\net.dll
0x00007fff301a0000 - 0x00007fff302d6000 	C:\WINDOWS\SYSTEM32\WINHTTP.dll
0x00007fff37250000 - 0x00007fff372b9000 	C:\WINDOWS\system32\mswsock.dll
0x00007fff1de40000 - 0x00007fff1de55000 	C:\Users\Mariangela\RepastSimphony-2.10.0\eclipse\plugins\org.eclipse.justj.openjdk.hotspot.jre.full.win32.x86_64_17.0.3.v20220515-1416\jre\bin\nio.dll
0x00007fff282e0000 - 0x00007fff282e9000 	C:\Users\Mariangela\RepastSimphony-2.10.0\eclipse\plugins\org.eclipse.justj.openjdk.hotspot.jre.full.win32.x86_64_17.0.3.v20220515-1416\jre\bin\management.dll
0x00007fff23a50000 - 0x00007fff23a5b000 	C:\Users\Mariangela\RepastSimphony-2.10.0\eclipse\plugins\org.eclipse.justj.openjdk.hotspot.jre.full.win32.x86_64_17.0.3.v20220515-1416\jre\bin\management_ext.dll
0x00007fff295a0000 - 0x00007fff295b7000 	C:\WINDOWS\system32\napinsp.dll
0x00007fff29580000 - 0x00007fff2959b000 	C:\WINDOWS\system32\pnrpnsp.dll
0x00007fff36900000 - 0x00007fff36a02000 	C:\WINDOWS\SYSTEM32\DNSAPI.dll
0x00007fff36880000 - 0x00007fff368ad000 	C:\WINDOWS\SYSTEM32\IPHLPAPI.DLL
0x00007fff398d0000 - 0x00007fff398d9000 	C:\WINDOWS\System32\NSI.dll
0x00007fff29560000 - 0x00007fff29571000 	C:\WINDOWS\System32\winrnr.dll
0x00007fff2ddc0000 - 0x00007fff2ddd5000 	C:\WINDOWS\system32\wshbth.dll
0x00007fff29530000 - 0x00007fff29557000 	C:\WINDOWS\system32\nlansp_c.dll
0x00007fff29120000 - 0x00007fff2912a000 	C:\Windows\System32\rasadhlp.dll
0x00007fff2a150000 - 0x00007fff2a1d3000 	C:\WINDOWS\System32\fwpuclnt.dll
0x00007fff23af0000 - 0x00007fff23b00000 	C:\Users\Mariangela\RepastSimphony-2.10.0\eclipse\plugins\org.eclipse.justj.openjdk.hotspot.jre.full.win32.x86_64_17.0.3.v20220515-1416\jre\bin\verify.dll
0x00007fff02440000 - 0x00007fff025ce000 	C:\Users\Mariangela\RepastSimphony-2.10.0\eclipse\plugins\org.eclipse.justj.openjdk.hotspot.jre.full.win32.x86_64_17.0.3.v20220515-1416\jre\bin\awt.dll
0x00007fff34b10000 - 0x00007fff34ba7000 	C:\WINDOWS\SYSTEM32\apphelp.dll
0x00007fff34e80000 - 0x00007fff34f31000 	C:\WINDOWS\system32\uxtheme.dll
0x00007fff3a060000 - 0x00007fff3a1c1000 	C:\WINDOWS\System32\MSCTF.dll
0x00007fff3a1d0000 - 0x00007fff3a375000 	C:\WINDOWS\System32\ole32.dll
0x00007fff350c0000 - 0x00007fff350eb000 	C:\WINDOWS\system32\DWMAPI.DLL
0x00007ffeea3f0000 - 0x00007ffeea4f0000 	C:\WINDOWS\system32\opengl32.dll
0x00007ffeea3c0000 - 0x00007ffeea3ed000 	C:\WINDOWS\SYSTEM32\GLU32.dll
0x00007fff34f70000 - 0x00007fff34fa7000 	C:\WINDOWS\SYSTEM32\dxcore.dll
0x00007fff28840000 - 0x00007fff28849000 	C:\Users\Mariangela\RepastSimphony-2.10.0\eclipse\plugins\org.eclipse.justj.openjdk.hotspot.jre.full.win32.x86_64_17.0.3.v20220515-1416\jre\bin\prefs.dll
0x00007fff04e00000 - 0x00007fff04e89000 	C:\Users\Mariangela\RepastSimphony-2.10.0\eclipse\plugins\org.eclipse.justj.openjdk.hotspot.jre.full.win32.x86_64_17.0.3.v20220515-1416\jre\bin\freetype.dll
0x00007fff02df0000 - 0x00007fff02e98000 	C:\Users\Mariangela\RepastSimphony-2.10.0\eclipse\plugins\org.eclipse.justj.openjdk.hotspot.jre.full.win32.x86_64_17.0.3.v20220515-1416\jre\bin\fontmanager.dll
0x00007fff374a0000 - 0x00007fff374bb000 	C:\WINDOWS\SYSTEM32\CRYPTSP.dll
0x00007fff36d30000 - 0x00007fff36d65000 	C:\WINDOWS\system32\rsaenh.dll
0x00007fff37340000 - 0x00007fff37368000 	C:\WINDOWS\SYSTEM32\USERENV.dll
0x00007fff374c0000 - 0x00007fff374cc000 	C:\WINDOWS\SYSTEM32\CRYPTBASE.dll
0x00007fff30090000 - 0x00007fff300a9000 	C:\WINDOWS\SYSTEM32\dhcpcsvc6.DLL
0x00007fff2f770000 - 0x00007fff2f78f000 	C:\WINDOWS\SYSTEM32\dhcpcsvc.DLL
0x00007fff19130000 - 0x00007fff191e3000 	C:\WINDOWS\WinSxS\amd64_microsoft.windows.common-controls_6595b64144ccf1df_5.82.22621.3527_none_b43b7f4b638cc64f\comctl32.dll
0x00007fff39f30000 - 0x00007fff39fe0000 	C:\WINDOWS\System32\clbcatq.dll
0x00007fff34cd0000 - 0x00007fff34e80000 	C:\WINDOWS\SYSTEM32\WindowsCodecs.dll
0x00007fff1a2b0000 - 0x00007fff1a30e000 	C:\WINDOWS\system32\dataexchange.dll
0x00007fff2fde0000 - 0x00007fff30084000 	C:\WINDOWS\system32\twinapi.appcore.dll
0x00007fff254a0000 - 0x00007fff255e5000 	C:\WINDOWS\SYSTEM32\textinputframework.dll
0x00007fff18520000 - 0x00007fff18589000 	C:\WINDOWS\system32\Oleacc.dll
0x00007ffefe990000 - 0x00007ffefe9db000 	C:\WINDOWS\system32\ApplicationTargetedFeatureDatabase.dll
0x00007fff34820000 - 0x00007fff34953000 	C:\WINDOWS\SYSTEM32\CoreMessaging.dll
0x00007fff31940000 - 0x00007fff31cad000 	C:\WINDOWS\SYSTEM32\CoreUIComponents.dll
0x000000006e8c0000 - 0x000000006e8cd000 	C:\Users\Mariangela\AppData\Local\Temp\jogamp_0000\file_cache\jln10544191202358958699\jln11234725698130091292\natives\windows-amd64\gluegen_rt.dll
0x00007fff28700000 - 0x00007fff28707000 	C:\Users\Mariangela\RepastSimphony-2.10.0\eclipse\plugins\org.eclipse.justj.openjdk.hotspot.jre.full.win32.x86_64_17.0.3.v20220515-1416\jre\bin\jawt.dll
0x000000006a440000 - 0x000000006a44d000 	C:\Users\Mariangela\AppData\Local\Temp\jogamp_0000\file_cache\jln10544191202358958699\jln11234725698130091292\natives\windows-amd64\nativewindow_awt.dll
0x000000006c100000 - 0x000000006c110000 	C:\Users\Mariangela\AppData\Local\Temp\jogamp_0000\file_cache\jln10544191202358958699\jln11234725698130091292\natives\windows-amd64\nativewindow_win32.dll
0x0000000064500000 - 0x0000000064585000 	C:\Users\Mariangela\AppData\Local\Temp\jogamp_0000\file_cache\jln10544191202358958699\jln11234725698130091292\natives\windows-amd64\jogl_desktop.dll
0x0000000064340000 - 0x0000000064391000 	C:\Users\Mariangela\AppData\Local\Temp\jogamp_0000\file_cache\jln10544191202358958699\jln11234725698130091292\natives\windows-amd64\jogl_mobile.dll
0x00007fff32640000 - 0x00007fff32689000 	C:\WINDOWS\SYSTEM32\directxdatabasehelper.dll
0x00007fff2f0b0000 - 0x00007fff2f1f4000 	C:\Windows\System32\AppXDeploymentClient.dll
0x00007ffea9e40000 - 0x00007ffeaadd6000 	C:\WINDOWS\System32\DriverStore\FileRepository\iigd_dch.inf_amd64_96f7ef6e34f28833\igxelpicd64.dll
0x00007fff34fb0000 - 0x00007fff350a7000 	C:\WINDOWS\system32\dxgi.dll
0x00007ffead990000 - 0x00007ffeadd99000 	C:\WINDOWS\System32\DriverStore\FileRepository\iigd_dch.inf_amd64_96f7ef6e34f28833\igdml64.dll
0x00007fff2d810000 - 0x00007fff2db41000 	C:\WINDOWS\System32\DriverStore\FileRepository\iigd_dch.inf_amd64_96f7ef6e34f28833\igdgmm64.dll
0x00007fff2a610000 - 0x00007fff2d34c000 	C:\WINDOWS\System32\DriverStore\FileRepository\iigd_dch.inf_amd64_96f7ef6e34f28833\igc64.dll
0x00007fff37660000 - 0x00007fff376ad000 	C:\WINDOWS\SYSTEM32\powrprof.dll
0x00007fff37640000 - 0x00007fff37653000 	C:\WINDOWS\SYSTEM32\UMPDC.dll
0x00007fff25a80000 - 0x00007fff25b31000 	C:\WINDOWS\SYSTEM32\TextShaping.dll

dbghelp: loaded successfully - version: 4.0.5 - missing functions: none
symbol engine: initialized successfully - sym options: 0x614 - pdb path: .;C:\Users\Mariangela\RepastSimphony-2.10.0\eclipse\plugins\org.eclipse.justj.openjdk.hotspot.jre.full.win32.x86_64_17.0.3.v20220515-1416\jre\bin;C:\WINDOWS\SYSTEM32;C:\WINDOWS\WinSxS\amd64_microsoft.windows.common-controls_6595b64144ccf1df_6.0.22621.4541_none_2710d1c57384c085;C:\Users\Mariangela\RepastSimphony-2.10.0\eclipse\plugins\org.eclipse.justj.openjdk.hotspot.jre.full.win32.x86_64_17.0.3.v20220515-1416\jre\bin\server;C:\WINDOWS\WinSxS\amd64_microsoft.windows.common-controls_6595b64144ccf1df_5.82.22621.3527_none_b43b7f4b638cc64f;C:\Users\Mariangela\AppData\Local\Temp\jogamp_0000\file_cache\jln10544191202358958699\jln11234725698130091292\natives\windows-amd64;C:\WINDOWS\System32\DriverStore\FileRepository\iigd_dch.inf_amd64_96f7ef6e34f28833

VM Arguments:
jvm_args: -XX:+IgnoreUnrecognizedVMOptions --add-modules=ALL-SYSTEM --add-exports=java.base/jdk.internal.ref=ALL-UNNAMED --add-exports=java.base/java.lang=ALL-UNNAMED --add-exports=java.desktop/sun.awt=ALL-UNNAMED --add-exports=java.desktop/sun.java2d=ALL-UNNAMED --add-opens=java.base/java.lang=ALL-UNNAMED --add-opens=java.base/java.util=ALL-UNNAMED -Dfile.encoding=UTF-8 -Dstdout.encoding=UTF-8 -Dstderr.encoding=UTF-8 -XX:+ShowCodeDetailsInExceptionMessages 
java_command: repast.simphony.runtime.RepastMain C:\Users\Mariangela\tesiWorkspace\tris/tris.rs
java_class_path (initial): C:\Users\Mariangela\RepastSimphony-2.10.0\eclipse\plugins\org.codehaus.groovy_3.0.13.v202209301529-e2206-RELEASE\lib\groovy-3.0.13-indy.jar;C:\Users\Mariangela\RepastSimphony-2.10.0\eclipse\plugins\org.codehaus.groovy_3.0.13.v202209301529-e2206-RELEASE\lib\groovy-test-3.0.13-indy.jar;C:\Users\Mariangela\RepastSimphony-2.10.0\eclipse\plugins\org.codehaus.groovy_3.0.13.v202209301529-e2206-RELEASE\lib\ivy-2.5.0.jar;C:\Users\Mariangela\RepastSimphony-2.10.0\eclipse\plugins\repast.simphony.runtime_2.10.0\bin;C:\Users\Mariangela\RepastSimphony-2.10.0\eclipse\plugins\repast.simphony.runtime_2.10.0\lib\saf.core.runtime.jar;C:\Users\Mariangela\RepastSimphony-2.10.0\eclipse\plugins\repast.simphony.runtime_2.10.0\lib\commons-logging-1.1.2.jar;C:\Users\Mariangela\RepastSimphony-2.10.0\eclipse\plugins\repast.simphony.runtime_2.10.0\lib\javassist-3.17.1-GA.jar;C:\Users\Mariangela\RepastSimphony-2.10.0\eclipse\plugins\repast.simphony.runtime_2.10.0\lib\jpf.jar;C:\Users\Mariangela\RepastSimphony-2.10.0\eclipse\plugins\repast.simphony.runtime_2.10.0\lib\jpf-boot.jar;C:\Users\Mariangela\RepastSimphony-2.10.0\eclipse\plugins\repast.simphony.runtime_2.10.0\lib\log4j-1.2-api-2.17.2.jar;C:\Users\Mariangela\RepastSimphony-2.10.0\eclipse\plugins\repast.simphony.runtime_2.10.0\lib\log4j-api-2.17.2.jar;C:\Users\Mariangela\RepastSimphony-2.10.0\eclipse\plugins\repast.simphony.runtime_2.10.0\lib\log4j-core-2.17.2.jar;C:\Users\Mariangela\RepastSimphony-2.10.0\eclipse\plugins\repast.simphony.runtime_2.10.0\lib\xpp3_min-1.1.4c.jar;C:\Users\Mariangela\RepastSimphony-2.10.0\eclipse\plugins\repast.simphony.runtime_2.10.0\lib\xstream-1.4.19.jar;C:\Users\Mariangela\RepastSimphony-2.10.0\eclipse\plugins\repast.simphony.runtime_2.10.0\lib\xmlpull-1.1.3.1.jar;C:\Users\Mariangela\RepastSimphony-2.10.0\eclipse\plugins\repast.simphony.runtime_2.10.0\lib\commons-cli-1.3.1.jar
Launcher Type: SUN_STANDARD

[Global flags]
     intx CICompilerCount                          = 4                                         {product} {ergonomic}
     uint ConcGCThreads                            = 2                                         {product} {ergonomic}
     uint G1ConcRefinementThreads                  = 8                                         {product} {ergonomic}
   size_t G1HeapRegionSize                         = 2097152                                   {product} {ergonomic}
    uintx GCDrainStackTargetSize                   = 64                                        {product} {ergonomic}
     bool IgnoreUnrecognizedVMOptions              = true                                      {product} {command line}
   size_t InitialHeapSize                          = 266338304                                 {product} {ergonomic}
   size_t MarkStackSize                            = 4194304                                   {product} {ergonomic}
   size_t MaxHeapSize                              = 4242538496                                {product} {ergonomic}
   size_t MaxNewSize                               = 2543845376                                {product} {ergonomic}
   size_t MinHeapDeltaBytes                        = 2097152                                   {product} {ergonomic}
   size_t MinHeapSize                              = 8388608                                   {product} {ergonomic}
    uintx NonNMethodCodeHeapSize                   = 5839372                                {pd product} {ergonomic}
    uintx NonProfiledCodeHeapSize                  = 122909434                              {pd product} {ergonomic}
    uintx ProfiledCodeHeapSize                     = 122909434                              {pd product} {ergonomic}
    uintx ReservedCodeCacheSize                    = 251658240                              {pd product} {ergonomic}
     bool SegmentedCodeCache                       = true                                      {product} {ergonomic}
     bool ShowCodeDetailsInExceptionMessages       = true                                   {manageable} {command line}
   size_t SoftMaxHeapSize                          = 4242538496                             {manageable} {ergonomic}
     bool UseCompressedClassPointers               = true                           {product lp64_product} {ergonomic}
     bool UseCompressedOops                        = true                           {product lp64_product} {ergonomic}
     bool UseG1GC                                  = true                                      {product} {ergonomic}
     bool UseLargePagesIndividualAllocation        = false                                  {pd product} {ergonomic}

Logging:
Log output configuration:
 #0: stdout all=warning uptime,level,tags
 #1: stderr all=off uptime,level,tags

Environment Variables:
JAVA_HOME=C:\Program Files\Java\jdk-17.0.2
PATH=C:/Users/Mariangela/RepastSimphony-2.10.0/eclipse//plugins/org.eclipse.justj.openjdk.hotspot.jre.full.win32.x86_64_17.0.3.v20220515-1416/jre/bin/server;C:/Users/Mariangela/RepastSimphony-2.10.0/eclipse//plugins/org.eclipse.justj.openjdk.hotspot.jre.full.win32.x86_64_17.0.3.v20220515-1416/jre/bin;C:\Program Files (x86)\VMware\VMware Workstation\bin\;C:\Program Files\Rockwell Software\RSCommon;C:\Python312\Scripts\;C:\Python312\;C:\Program Files\Common Files\Oracle\Java\javapath;C:\Program Files (x86)\Common Files\Oracle\Java\javapath;C:\WINDOWS\system32;C:\WINDOWS;C:\WINDOWS\System32\Wbem;C:\WINDOWS\System32\WindowsPowerShell\v1.0\;C:\WINDOWS\System32\OpenSSH\;C:\Program Files\dotnet\;C:\Program Files\Wolfram Research\WolframScript\;C:\Program Files\Git\cmd;C:\Program Files\GitHub CLI\;C:\Program Files\nodejs\;C:\ProgramData\chocolatey\bin;C:\Program Files\Java\jdk-17.0.2\bin;C:\apache-ant-1.10.14\bin;C:\Program Files\MATLAB\R2022a\runtime\win64;C:\Program Files\MATLAB\R2022a\bin;C:\Users\Mariangela\dev\flutter\bin;C:\Users\Mariangela\AppData\Local\Microsoft\WindowsApps;C:\Program Files\apache-maven-3.9.1-bin\apache-maven-3.9.1\bin;C:\Users\Mariangela\AppData\Local\GitHubDesktop\bin;C:\Users\Mariangela\AppData\Roaming\npm;C:\Users\Mariangela\RepastSimphony-2.10.0;
USERNAME=Mariangela
OS=Windows_NT
PROCESSOR_IDENTIFIER=Intel64 Family 6 Model 140 Stepping 1, GenuineIntel



---------------  S Y S T E M  ---------------

OS:
 Windows 11 , 64 bit Build 22621 (10.0.22621.4391)
OS uptime: 0 days 23:26 hours

CPU: total 8 (initial active 8) (4 cores per cpu, 2 threads per core) family 6 model 140 stepping 1 microcode 0x8a, cx8, cmov, fxsr, ht, mmx, 3dnowpref, sse, sse2, sse3, ssse3, sse4.1, sse4.2, popcnt, lzcnt, tsc, tscinvbit, avx, avx2, aes, erms, clmul, bmi1, bmi2, adx, avx512f, avx512dq, avx512cd, avx512bw, avx512vl, sha, fma, vzeroupper, avx512_vpopcntdq, avx512_vpclmulqdq, avx512_vaes, avx512_vnni, clflush, clflushopt, clwb, avx512_vbmi2, avx512_vbmi

Memory: 4k page, system-wide physical 16183M (7259M free)
TotalPageFile size 28983M (AvailPageFile size 15766M)
current process WorkingSet (physical memory assigned to process): 321M, peak: 382M
current process commit charge ("private bytes"): 335M, peak: 388M

vm_info: OpenJDK 64-Bit Server VM (17.0.3+7) for windows-amd64 JRE (17.0.3+7), built on Apr 19 2022 16:55:35 by "" with MS VC++ 16.7 (VS2019)

END.
